Ganache CLI v6.7.0 (ganache-core: 2.8.0)

Available Accounts
==================
(0) 0x05EE745f2E50b6BEa8cBa3f2Fc341400Ca5B178e (100 ETH)
(1) 0x97F64ca9F4f6F96812759Eb3c4dDD2FBA199e338 (100 ETH)
(2) 0xD36BE4b1Be627de63AC619f9E67924E5C1c2080b (100 ETH)
(3) 0xD01f995f5AE5b56F04026848fc01EFa78aF04672 (100 ETH)
(4) 0x47f0b6A0Cbb073a31939924EE21F21327b9CBe83 (100 ETH)
(5) 0x3f80E33B587248F48EDE920eF99Fe45A1BAACd91 (100 ETH)
(6) 0xEf4c155e0292bDFE36D36EA9CAfB3C647d2B2d26 (100 ETH)
(7) 0x180c7F5bEE4313014b127D31406833FFd268aF4b (100 ETH)
(8) 0x82BF5FA5f73Cfa0D5405e5035C942D0941826b18 (100 ETH)
(9) 0x9d876BfC3f3Eb376a5d5d8134C8c054ad33E3b8a (100 ETH)

Private Keys
==================
(0) 0xcac11fbb523e37bfd6a6636857757d215a7438a5d22871321788f094fdf5e850
(1) 0x8282dac670e5056921840938da5d7dfedbea2001e1231d463ac35526febe3b9d
(2) 0x7b5a19caee38012db67d17bc662989c013e5423841d3ccd89e2d550b8f32d52a
(3) 0x788db6b148190bf390c8c4fa944b11bda7e782d0a08f6c45ec1547970fc2d784
(4) 0x175c37b8e58f0071da39b3025c0d6ee7fcd1ac6b2299568410d7f327488b975b
(5) 0xade582dff79967d81fe4bf492d3c8b50623c7544ac5874cb586cf957d17fb438
(6) 0x1dfe9dccc077a78e96f045c8e6245d4808d51b78c0fdb6efc22809892cf653ee
(7) 0xa71b830b28589f3b095867c4a66c878940f7668c65a2992609cdd496588b04ef
(8) 0xf3afab4d0e6966380b343344a581e22946c8671f356c55fc181e466fe31add33
(9) 0x3890531e05e2b5e42b6747673e5c3ec67969f8504ef7ef8cd962890217d1dee2

HD Wallet
==================
Mnemonic:      raw bread token april prevent tell edit tenant relief trend marine two
Base HD Path:  m/44'/60'/0'/0/{account_index}

Gas Price
==================
20000000000

Gas Limit
==================
6721975

Listening on 127.0.0.1:8545
eth_blockNumber
net_version
eth_accounts
eth_getBlockByNumber
eth_accounts
net_version
eth_getBlockByNumber
eth_getBlockByNumber
net_version
eth_getBlockByNumber
eth_estimateGas
net_version
eth_blockNumber
eth_getBlockByNumber
eth_sendTransaction

  Transaction: 0x75927ce849c3d80a58cc9782b2cf7eeafcba86ec24444ce6699ca72f682ac116
  Contract created: 0x6029cc74670c098ce1ff9e2102dbfb2b498bfffd
  Gas usage: 263741
  Block Number: 1
  Block Time: Tue Nov 26 2019 08:38:23 GMT+0800 (GMT+08:00)

eth_getTransactionReceipt
eth_getCode
eth_getTransactionByHash
eth_getBlockByNumber
eth_getBalance
eth_getBlockByNumber
eth_getBlockByNumber
eth_sendTransaction

  Transaction: 0x4a20f15b404fbf64a3a110300b9a80d87c1e1407759a2299fd6acd4fa1053682
  Gas usage: 42023
  Block Number: 2
  Block Time: Tue Nov 26 2019 08:38:23 GMT+0800 (GMT+08:00)

eth_getTransactionReceipt
eth_getBlockByNumber
eth_accounts
net_version
eth_getBlockByNumber
eth_getBlockByNumber
net_version
eth_getBlockByNumber
eth_estimateGas
net_version
eth_blockNumber
eth_getBlockByNumber
eth_sendTransaction

  Transaction: 0x27b239cf44e176bbe37e1414212c83bd6a7b21ff7a0393c74fd28365bd08a4bf
  Contract created: 0x9da54f4c0e12d714a1919a3ce63972ed6526a2f9
  Gas usage: 239915
  Block Number: 3
  Block Time: Tue Nov 26 2019 08:38:23 GMT+0800 (GMT+08:00)

eth_getTransactionReceipt
eth_getCode
eth_getTransactionByHash
eth_getBlockByNumber
eth_getBalance
eth_getBlockByNumber
eth_getBlockByNumber
eth_sendTransaction

  Transaction: 0x6a76c41aa75787d2b25f2516026a61377473a3ab2364d756cba5dcb60f6d86bc
  Gas usage: 27023
  Block Number: 4
  Block Time: Tue Nov 26 2019 08:38:24 GMT+0800 (GMT+08:00)

eth_getTransactionReceipt
终止批处理操作吗(Y/N)? 
Ganache CLI v6.7.0 (ganache-core: 2.8.0)

Available Accounts
==================
(0) 0x042589C816100B760d9bCE0b0C5560f251C49aC1 (100 ETH)
(1) 0x1157c2c670e1ACb2bD8f097c9Bd5CCdF60E2FEAF (100 ETH)
(2) 0xeaE6e9B352c1678860cE231f221cD81140772586 (100 ETH)
(3) 0x44f21182Fc11A21994019f749ABB68E7B78caf54 (100 ETH)
(4) 0x6145bEbAe146B4EA2789FD24660A6aB12d22daA5 (100 ETH)
(5) 0xfE505d4357B1bE09174f13fbc27eCE17D71F3509 (100 ETH)
(6) 0x2D3a5437A717528FB988f5bBB4CEe000B0B0bBAE (100 ETH)
(7) 0x50A6108d8f10Ab467e14EE14DbE96093dA13b7d2 (100 ETH)
(8) 0xF0709482F555472Cb06f07698528ac69F1189F62 (100 ETH)
(9) 0xb4beC85A502a2B7835af93EDA12c7EbBc35c7B8d (100 ETH)

Private Keys
==================
(0) 0x0c0b027e012d5d5b956a8d1cb54decfae70f0eba3227e1f08439086196a7781c
(1) 0x1395195437fd76e9ca42c434ae07cdbb5260b5468079361468021a3cff0cfaff
(2) 0x3db990f2789c580031edf0a9e5218d38a122473afab6cac661b9e80a07d62404
(3) 0x94964f78796eddc8015eed76f966fe79b27cd42f6396242b8ced1d547f1facf6
(4) 0x70944772bdeda85c34f908f18131850ae14f6f2267f81082629bd149be2f1de0
(5) 0x2e82263ca403bd86aaf27ed1a469ceca144981f927dd1a3a6b4d127c430237e0
(6) 0x9e173fdd677247286f38cb032b500e98d9d57d5c687cc6e77b8fe9f2b881a950
(7) 0x1d1b4ad6807d21a10e2d98a0dccd31784f3f9448c8aa6086aa21966295b07f57
(8) 0x73cd3fc6f15c23798230003570f83daccd1758b2a8007b37480297fb5bd52468
(9) 0xf27e387aaa88f7787faf00868011002ca33e50e9ba26870036f98ce604a583f2

HD Wallet
==================
Mnemonic:      sport attract fiber foam interest search afraid wagon grow oxygen bulb fish
Base HD Path:  m/44'/60'/0'/0/{account_index}

Gas Price
==================
20000000000

Gas Limit
==================
6721975

Listening on 127.0.0.1:8545
eth_blockNumber
eth_blockNumber
net_version
net_version
eth_accounts
eth_accounts
eth_accounts
eth_getBlockByNumber
net_version
net_version
eth_getBlockByNumber
net_version
net_version
net_version
net_version
net_version
eth_getBalance
eth_getBalance
eth_getBalance
eth_getBalance
eth_getBalance
eth_getBalance
eth_getBlockByNumber
net_version
net_version
eth_getBlockByNumber
eth_getBlockByNumber
net_version
eth_getBlockByNumber
net_version
net_version
eth_getBlockByNumber
eth_getBlockByNumber
net_version
net_version
eth_getBlockByNumber
net_version
eth_getBlockByNumber
eth_getBlockByNumber
net_version
net_version
eth_getBlockByNumber
net_version
net_version
eth_getBlockByNumber
eth_getBlockByNumber
net_version
net_version
eth_getBlockByNumber
net_version
eth_getBlockByNumber
net_version
eth_getBlockByNumber
eth_getBalance
net_version
eth_getBlockByNumber
net_version
eth_getBlockByNumber
net_version
eth_getBlockByNumber
net_version
eth_getBlockByNumber
net_version
eth_getBalance
eth_getBlockByNumber
net_version
eth_getBlockByNumber
net_version
net_version
eth_getBlockByNumber
eth_getBlockByNumber
net_version
eth_getBlockByNumber
eth_getBalance
net_version
net_version
net_version
eth_getBlockByNumber
net_version
eth_getBlockByNumber
net_version
net_version
net_version
net_version
eth_getBlockByNumber
net_version
net_version
eth_getBlockByNumber
eth_getBlockByNumber
net_version
net_version
net_version
eth_getBlockByNumber
net_version
eth_getBlockByNumber
eth_getBlockByNumber
net_version
net_version
eth_getBlockByNumber
net_version
eth_getBlockByNumber
eth_getBlockByNumber
net_version
net_version
eth_getBlockByNumber
net_version
eth_getBlockByNumber
net_version
eth_getBlockByNumber
net_version
eth_getBlockByNumber
net_version
eth_getBlockByNumber
net_version
eth_getBlockByNumber
net_version
eth_getBlockByNumber
net_version
eth_getBlockByNumber
net_version
eth_getBlockByNumber
net_version
net_version
eth_getBlockByNumber
eth_getBlockByNumber
net_version
eth_getBlockByNumber
net_version
net_version
eth_getBlockByNumber
eth_getBlockByNumber
net_version
eth_getBlockByNumber
net_version
net_version
eth_getBlockByNumber
eth_getBlockByNumber
net_version
net_version
eth_getBlockByNumber
net_version
eth_getBlockByNumber
eth_getBlockByNumber
net_version
net_version
eth_getBlockByNumber
net_version
eth_getBlockByNumber
eth_getBlockByNumber
net_version
net_version
eth_getBlockByNumber
net_version
eth_getBlockByNumber
net_version
eth_getBlockByNumber
net_version
eth_getBlockByNumber
net_version
eth_getBlockByNumber
net_version
eth_getBlockByNumber
net_version
eth_getBlockByNumber
net_version
eth_getBlockByNumber
net_version
eth_getBlockByNumber
net_version
net_version
eth_getBlockByNumber
eth_getBlockByNumber
net_version
eth_getBlockByNumber
net_version
net_version
eth_getBlockByNumber
eth_getBlockByNumber
net_version
net_version
eth_getBlockByNumber
net_version
eth_getBlockByNumber
eth_getBlockByNumber
net_version
net_version
eth_getBlockByNumber
net_version
eth_getBlockByNumber
eth_getBlockByNumber
net_version
net_version
eth_getBlockByNumber
net_version
eth_getBlockByNumber
net_version
eth_getBlockByNumber
net_version
eth_getBlockByNumber
net_version
eth_getBlockByNumber
net_version
eth_getBlockByNumber
net_version
eth_getBlockByNumber
net_version
eth_getBlockByNumber
net_version
eth_getBlockByNumber
net_version
net_version
eth_getBlockByNumber
eth_getBlockByNumber
net_version
eth_getBlockByNumber
net_version
net_version
eth_getBlockByNumber
eth_getBlockByNumber
net_version
eth_getBlockByNumber
net_version
net_version
eth_getBlockByNumber
eth_getBlockByNumber
net_version
net_version
eth_getBlockByNumber
net_version
eth_getBlockByNumber
eth_getBlockByNumber
net_version
net_version
eth_getBlockByNumber
net_version
eth_getBlockByNumber
eth_getBlockByNumber
net_version
net_version
eth_getBlockByNumber
net_version
eth_getBlockByNumber
net_version
eth_getBlockByNumber
net_version
eth_getBlockByNumber
net_version
eth_getBlockByNumber
net_version
eth_getBlockByNumber
net_version
eth_getBlockByNumber
net_version
eth_getBlockByNumber
net_version
eth_getBlockByNumber
net_version
net_version
eth_getBlockByNumber
eth_getBlockByNumber
net_version
eth_getBlockByNumber
net_version
net_version
eth_getBlockByNumber
eth_getBlockByNumber
net_version
eth_getBlockByNumber
net_version
net_version
eth_getBlockByNumber
eth_getBlockByNumber
net_version
net_version
eth_getBlockByNumber
net_version
eth_getBlockByNumber
eth_getBlockByNumber
net_version
net_version
eth_getBlockByNumber
net_version
eth_getBlockByNumber
eth_getBlockByNumber
net_version
net_version
eth_getBlockByNumber
net_version
eth_getBlockByNumber
net_version
eth_getBlockByNumber
net_version
eth_getBlockByNumber
net_version
eth_getBlockByNumber
net_version
eth_getBlockByNumber
net_version
eth_getBlockByNumber
net_version
eth_getBlockByNumber
net_version
eth_getBlockByNumber
net_version
net_version
eth_getBlockByNumber
eth_getBlockByNumber
net_version
eth_getBlockByNumber
net_version
net_version
eth_getBlockByNumber
eth_getBlockByNumber
net_version
eth_getBlockByNumber
net_version
net_version
eth_getBlockByNumber
eth_getBlockByNumber
net_version
net_version
eth_getBlockByNumber
net_version
eth_getBlockByNumber
eth_getBlockByNumber
net_version
net_version
eth_getBlockByNumber
net_version
eth_getBlockByNumber
eth_getBlockByNumber
net_version
net_version
eth_getBlockByNumber
net_version
eth_getBlockByNumber
net_version
eth_getBlockByNumber
net_version
eth_getBlockByNumber
net_version
eth_getBlockByNumber
net_version
eth_getBlockByNumber
net_version
eth_getBlockByNumber
net_version
eth_getBlockByNumber
net_version
eth_getBlockByNumber
net_version
net_version
eth_getBlockByNumber
eth_getBlockByNumber
net_version
eth_getBlockByNumber
net_version
net_version
eth_getBlockByNumber
eth_getBlockByNumber
net_version
eth_getBlockByNumber
net_version
net_version
eth_getBlockByNumber
eth_getBlockByNumber
net_version
net_version
eth_getBlockByNumber
net_version
eth_getBlockByNumber
eth_getBlockByNumber
net_version
net_version
eth_getBlockByNumber
net_version
eth_getBlockByNumber
eth_getBlockByNumber
net_version
net_version
eth_getBlockByNumber
net_version
eth_getBlockByNumber
net_version
eth_getBlockByNumber
net_version
eth_getBlockByNumber
net_version
eth_getBlockByNumber
net_version
eth_getBlockByNumber
net_version
net_version
eth_getBlockByNumber
eth_getBlockByNumber
net_version
eth_getBlockByNumber
net_version
net_version
eth_getBlockByNumber
eth_getBlockByNumber
net_version
eth_getBlockByNumber
net_version
net_version
eth_getBlockByNumber
eth_getBlockByNumber
net_version
net_version
eth_getBlockByNumber
net_version
eth_getBlockByNumber
eth_getBlockByNumber
net_version
net_version
eth_getBlockByNumber
net_version
eth_getBlockByNumber
eth_getBlockByNumber
net_version
net_version
eth_getBlockByNumber
net_version
eth_getBlockByNumber
net_version
eth_getBlockByNumber
net_version
eth_getBlockByNumber
net_version
eth_getBlockByNumber
net_version
eth_getBlockByNumber
net_version
eth_getBlockByNumber
net_version
eth_getBlockByNumber
net_version
eth_getBlockByNumber
net_version
net_version
eth_getBlockByNumber
eth_getBlockByNumber
net_version
eth_getBlockByNumber
net_version
net_version
eth_getBlockByNumber
eth_getBlockByNumber
net_version
eth_getBlockByNumber
net_version
net_version
eth_getBlockByNumber
eth_getBlockByNumber
net_version
net_version
eth_getBlockByNumber
net_version
eth_getBlockByNumber
eth_getBlockByNumber
net_version
net_version
eth_getBlockByNumber
net_version
eth_getBlockByNumber
eth_getBlockByNumber
net_version
net_version
eth_getBlockByNumber
net_version
eth_getBlockByNumber
net_version
eth_getBlockByNumber
net_version
eth_getBlockByNumber
net_version
eth_getBlockByNumber
net_version
eth_getBlockByNumber
net_version
eth_getBlockByNumber
net_version
eth_getBlockByNumber
net_version
eth_getBlockByNumber
net_version
net_version
eth_getBlockByNumber
eth_getBlockByNumber
net_version
eth_getBlockByNumber
net_version
net_version
eth_getBlockByNumber
eth_getBlockByNumber
net_version
net_version
eth_getBlockByNumber
net_version
eth_getBlockByNumber
eth_getBlockByNumber
net_version
net_version
eth_getBlockByNumber
net_version
eth_getBlockByNumber
eth_getBlockByNumber
net_version
net_version
eth_getBlockByNumber
net_version
eth_getBlockByNumber
net_version
eth_getBlockByNumber
net_version
eth_getBlockByNumber
net_version
eth_getBlockByNumber
net_version
eth_getBlockByNumber
net_version
eth_getBlockByNumber
net_version
eth_getBlockByNumber
net_version
eth_getBlockByNumber
net_version
net_version
eth_getBlockByNumber
eth_getBlockByNumber
net_version
eth_getBlockByNumber
net_version
net_version
eth_getBlockByNumber
eth_getBlockByNumber
net_version
eth_getBlockByNumber
net_version
net_version
eth_getBlockByNumber
eth_getBlockByNumber
net_version
net_version
eth_getBlockByNumber
net_version
eth_getBlockByNumber
eth_getBlockByNumber
net_version
net_version
eth_getBlockByNumber
net_version
eth_getBlockByNumber
eth_getBlockByNumber
net_version
net_version
eth_getBlockByNumber
net_version
eth_getBlockByNumber
net_version
eth_getBlockByNumber
net_version
eth_getBlockByNumber
net_version
eth_getBlockByNumber
net_version
eth_getBlockByNumber
net_version
eth_getBlockByNumber
net_version
eth_getBlockByNumber
net_version
eth_getBlockByNumber
net_version
net_version
eth_getBlockByNumber
eth_getBlockByNumber
net_version
eth_getBlockByNumber
net_version
net_version
eth_getBlockByNumber
eth_getBlockByNumber
net_version
eth_getBlockByNumber
net_version
net_version
eth_getBlockByNumber
eth_getBlockByNumber
net_version
net_version
eth_getBlockByNumber
net_version
eth_getBlockByNumber
eth_getBlockByNumber
net_version
net_version
eth_getBlockByNumber
net_version
eth_getBlockByNumber
eth_getBlockByNumber
net_version
net_version
eth_getBlockByNumber
net_version
eth_getBlockByNumber
net_version
eth_getBlockByNumber
net_version
eth_getBlockByNumber
net_version
eth_getBlockByNumber
net_version
eth_getBlockByNumber
net_version
eth_getBlockByNumber
net_version
eth_getBlockByNumber
net_version
eth_getBlockByNumber
net_version
net_version
eth_getBlockByNumber
eth_getBlockByNumber
net_version
eth_getBlockByNumber
net_version
net_version
eth_getBlockByNumber
eth_getBlockByNumber
net_version
eth_getBlockByNumber
net_version
net_version
eth_getBlockByNumber
eth_getBlockByNumber
net_version
net_version
eth_getBlockByNumber
net_version
eth_getBlockByNumber
eth_getBlockByNumber
net_version
net_version
eth_getBlockByNumber
net_version
eth_getBlockByNumber
eth_getBlockByNumber
net_version
net_version
eth_getBlockByNumber
net_version
eth_getBlockByNumber
net_version
eth_getBlockByNumber
net_version
eth_getBlockByNumber
net_version
eth_getBlockByNumber
net_version
eth_getBlockByNumber
net_version
eth_getBlockByNumber
net_version
eth_getBlockByNumber
net_version
eth_getBlockByNumber
net_version
net_version
eth_getBlockByNumber
eth_getBlockByNumber
net_version
eth_getBlockByNumber
net_version
net_version
eth_getBlockByNumber
eth_getBlockByNumber
net_version
eth_getBlockByNumber
net_version
net_version
eth_getBlockByNumber
eth_getBlockByNumber
net_version
net_version
eth_getBlockByNumber
net_version
eth_getBlockByNumber
eth_getBlockByNumber
net_version
net_version
eth_getBlockByNumber
net_version
eth_getBlockByNumber
eth_getBlockByNumber
net_version
net_version
eth_getBlockByNumber
net_version
eth_getBlockByNumber
net_version
eth_getBlockByNumber
net_version
eth_getBlockByNumber
net_version
eth_getBlockByNumber
net_version
eth_getBlockByNumber
net_version
eth_getBlockByNumber
net_version
eth_getBlockByNumber
net_version
eth_getBlockByNumber
net_version
net_version
eth_getBlockByNumber
eth_getBlockByNumber
net_version
eth_getBlockByNumber
net_version
net_version
eth_getBlockByNumber
eth_getBlockByNumber
net_version
net_version
eth_getBlockByNumber
net_version
eth_getBlockByNumber
eth_getBlockByNumber
net_version
net_version
eth_getBlockByNumber
net_version
eth_getBlockByNumber
eth_getBlockByNumber
net_version
net_version
eth_getBlockByNumber
net_version
eth_getBlockByNumber
net_version
eth_getBlockByNumber
net_version
eth_getBlockByNumber
net_version
eth_getBlockByNumber
net_version
eth_getBlockByNumber
net_version
eth_getBlockByNumber
net_version
eth_getBlockByNumber
net_version
eth_getBlockByNumber
net_version
net_version
eth_getBlockByNumber
eth_getBlockByNumber
net_version
eth_getBlockByNumber
net_version
net_version
eth_getBlockByNumber
eth_getBlockByNumber
net_version
eth_getBlockByNumber
net_version
net_version
eth_getBlockByNumber
eth_getBlockByNumber
net_version
net_version
eth_getBlockByNumber
net_version
eth_getBlockByNumber
eth_getBlockByNumber
net_version
net_version
eth_getBlockByNumber
net_version
eth_getBlockByNumber
eth_getBlockByNumber
net_version
net_version
eth_getBlockByNumber
net_version
eth_getBlockByNumber
net_version
eth_getBlockByNumber
net_version
eth_getBlockByNumber
net_version
eth_getBlockByNumber
net_version
eth_getBlockByNumber
net_version
eth_getBlockByNumber
net_version
eth_getBlockByNumber
net_version
eth_getBlockByNumber
net_version
net_version
eth_getBlockByNumber
eth_getBlockByNumber
net_version
eth_getBlockByNumber
net_version
net_version
eth_getBlockByNumber
eth_getBlockByNumber
net_version
eth_getBlockByNumber
net_version
net_version
eth_getBlockByNumber
eth_getBlockByNumber
net_version
net_version
eth_getBlockByNumber
net_version
eth_getBlockByNumber
eth_getBlockByNumber
net_version
net_version
eth_getBlockByNumber
net_version
eth_getBlockByNumber
eth_getBlockByNumber
net_version
net_version
eth_getBlockByNumber
net_version
eth_getBlockByNumber
net_version
eth_getBlockByNumber
net_version
eth_getBlockByNumber
net_version
eth_getBlockByNumber
net_version
eth_getBlockByNumber
net_version
eth_getBlockByNumber
net_version
eth_getBlockByNumber
net_version
eth_getBlockByNumber
net_version
net_version
eth_getBlockByNumber
eth_getBlockByNumber
net_version
eth_getBlockByNumber
net_version
net_version
eth_getBlockByNumber
eth_getBlockByNumber
net_version
eth_getBlockByNumber
net_version
net_version
eth_getBlockByNumber
eth_getBlockByNumber
net_version
net_version
eth_getBlockByNumber
net_version
eth_getBlockByNumber
eth_getBlockByNumber
net_version
net_version
eth_getBlockByNumber
net_version
eth_getBlockByNumber
eth_getBlockByNumber
net_version
net_version
eth_getBlockByNumber
net_version
eth_getBlockByNumber
net_version
eth_getBlockByNumber
net_version
eth_getBlockByNumber
net_version
eth_getBlockByNumber
net_version
eth_getBlockByNumber
net_version
eth_getBlockByNumber
net_version
eth_getBlockByNumber
net_version
eth_getBlockByNumber
net_version
net_version
eth_getBlockByNumber
eth_getBlockByNumber
net_version
eth_getBlockByNumber
net_version
net_version
eth_getBlockByNumber
eth_getBlockByNumber
net_version
eth_getBlockByNumber
net_version
net_version
eth_getBlockByNumber
eth_getBlockByNumber
net_version
net_version
eth_getBlockByNumber
net_version
eth_getBlockByNumber
eth_getBlockByNumber
net_version
net_version
eth_getBlockByNumber
net_version
eth_getBlockByNumber
eth_getBlockByNumber
net_version
net_version
eth_getBlockByNumber
net_version
eth_getBlockByNumber
net_version
eth_getBlockByNumber
net_version
eth_getBlockByNumber
net_version
eth_getBlockByNumber
net_version
eth_getBlockByNumber
net_version
eth_getBlockByNumber
net_version
eth_getBlockByNumber
net_version
eth_getBlockByNumber
net_version
net_version
eth_getBlockByNumber
eth_getBlockByNumber
net_version
eth_getBlockByNumber
net_version
net_version
eth_getBlockByNumber
eth_getBlockByNumber
net_version
eth_getBlockByNumber
net_version
net_version
eth_getBlockByNumber
eth_getBlockByNumber
net_version
net_version
eth_getBlockByNumber
net_version
eth_getBlockByNumber
eth_getBlockByNumber
net_version
net_version
eth_getBlockByNumber
net_version
eth_getBlockByNumber
net_version
eth_getBlockByNumber
net_version
eth_getBlockByNumber
net_version
eth_getBlockByNumber
net_version
eth_getBlockByNumber
net_version
eth_getBlockByNumber
net_version
eth_getBlockByNumber
net_version
eth_getBlockByNumber
net_version
net_version
eth_getBlockByNumber
eth_getBlockByNumber
net_version
eth_getBlockByNumber
net_version
net_version
eth_getBlockByNumber
eth_getBlockByNumber
net_version
eth_getBlockByNumber
net_version
net_version
eth_getBlockByNumber
eth_getBlockByNumber
net_version
net_version
eth_getBlockByNumber
net_version
eth_getBlockByNumber
eth_getBlockByNumber
net_version
net_version
eth_getBlockByNumber
net_version
eth_getBlockByNumber
eth_getBlockByNumber
net_version
net_version
eth_getBlockByNumber
net_version
eth_getBlockByNumber
net_version
eth_getBlockByNumber
net_version
eth_getBlockByNumber
net_version
eth_getBlockByNumber
net_version
eth_getBlockByNumber
net_version
eth_getBlockByNumber
net_version
eth_getBlockByNumber
net_version
eth_getBlockByNumber
net_version
net_version
eth_getBlockByNumber
eth_getBlockByNumber
net_version
eth_getBlockByNumber
net_version
net_version
eth_getBlockByNumber
eth_getBlockByNumber
net_version
eth_getBlockByNumber
net_version
net_version
eth_getBlockByNumber
eth_getBlockByNumber
net_version
net_version
eth_getBlockByNumber
net_version
eth_getBlockByNumber
eth_getBlockByNumber
net_version
net_version
eth_getBlockByNumber
net_version
eth_getBlockByNumber
eth_getBlockByNumber
net_version
net_version
eth_getBlockByNumber
net_version
eth_getBlockByNumber
net_version
eth_getBlockByNumber
net_version
eth_getBlockByNumber
net_version
eth_getBlockByNumber
net_version
eth_getBlockByNumber
net_version
eth_getBlockByNumber
net_version
eth_getBlockByNumber
net_version
eth_getBlockByNumber
net_version
net_version
eth_getBlockByNumber
eth_getBlockByNumber
net_version
eth_getBlockByNumber
net_version
net_version
eth_getBlockByNumber
eth_getBlockByNumber
net_version
eth_getBlockByNumber
net_version
net_version
eth_getBlockByNumber
eth_getBlockByNumber
net_version
net_version
eth_getBlockByNumber
net_version
eth_getBlockByNumber
net_version
net_version
eth_getBlockByNumber
net_version
net_version
eth_getBlockByNumber
net_version
eth_getBlockByNumber
eth_getBlockByNumber
eth_getBlockByNumber
eth_getBlockByNumber
eth_getBlockByNumber
eth_getBlockByNumber
eth_getBlockByNumber
eth_getBlockByNumber
eth_getBlockByNumber
eth_getBlockByNumber
eth_getBlockByNumber
eth_getBlockByNumber
eth_getBlockByNumber
eth_getBlockByNumber
eth_getBlockByNumber
eth_getBlockByNumber
eth_getBlockByNumber
eth_getBlockByNumber
eth_getBlockByNumber
eth_getBlockByNumber
eth_getBlockByNumber
eth_getBlockByNumber
eth_getBlockByNumber
eth_getBlockByNumber
eth_getBlockByNumber
eth_getBlockByNumber
eth_getBlockByNumber
eth_getBlockByNumber
eth_getBlockByNumber
eth_getBlockByNumber
eth_getBlockByNumber
eth_getBlockByNumber
eth_getBlockByNumber
eth_getBlockByNumber
eth_getBlockByNumber
eth_getBlockByNumber
eth_getBlockByNumber
eth_getBlockByNumber
eth_getBlockByNumber
eth_getBlockByNumber
eth_getBlockByNumber
eth_getBlockByNumber
eth_getBlockByNumber
eth_getBlockByNumber
eth_getBlockByNumber
eth_getBlockByNumber
eth_getBlockByNumber
eth_getBlockByNumber
eth_getBlockByNumber
eth_getBlockByNumber
eth_getBlockByNumber
eth_getBlockByNumber
eth_getBlockByNumber
eth_getBlockByNumber
eth_getBlockByNumber
eth_getBlockByNumber
eth_getBlockByNumber
eth_getBlockByNumber
eth_getBlockByNumber
eth_getBlockByNumber
eth_getBlockByNumber
eth_getBlockByNumber
eth_getBlockByNumber
eth_getBlockByNumber
eth_getBlockByNumber
eth_getBlockByNumber
eth_getBlockByNumber
eth_getBlockByNumber
eth_getBlockByNumber
eth_getBlockByNumber
eth_getBlockByNumber
eth_getBlockByNumber
eth_getBlockByNumber
eth_getBlockByNumber
eth_getBlockByNumber
eth_getBlockByNumber
eth_getBlockByNumber
eth_getBlockByNumber
eth_getBlockByNumber
eth_getBlockByNumber
eth_getBlockByNumber
eth_getBlockByNumber
eth_getBlockByNumber
eth_getBlockByNumber
eth_getBlockByNumber
eth_getBlockByNumber
eth_getBlockByNumber
eth_getBlockByNumber
eth_getBlockByNumber
eth_getBlockByNumber
eth_getBlockByNumber
eth_getBlockByNumber
eth_getBlockByNumber
eth_getBlockByNumber
eth_getBlockByNumber
eth_getBlockByNumber
eth_getBlockByNumber
eth_getBlockByNumber
eth_getBlockByNumber
eth_getBlockByNumber
eth_getBlockByNumber
eth_getBlockByNumber
eth_getBlockByNumber
eth_getBlockByNumber
eth_getBlockByNumber
eth_getBlockByNumber
eth_getBlockByNumber
eth_getBlockByNumber
eth_getBlockByNumber
eth_getBlockByNumber
eth_getBlockByNumber
eth_getBlockByNumber
eth_getBlockByNumber
eth_getBlockByNumber
eth_getBlockByNumber
eth_getBlockByNumber
eth_getBlockByNumber
eth_getBlockByNumber
eth_getBlockByNumber
eth_getBlockByNumber
eth_getBlockByNumber
eth_getBlockByNumber
eth_getBlockByNumber
eth_getBlockByNumber
eth_getBlockByNumber
eth_getBlockByNumber
eth_getBlockByNumber
eth_getBlockByNumber
eth_getBlockByNumber
eth_getBlockByNumber
eth_getBlockByNumber
eth_getBlockByNumber
eth_getBlockByNumber
eth_getBlockByNumber
eth_getBlockByNumber
eth_getBlockByNumber
eth_getBlockByNumber
eth_getBlockByNumber
eth_getBlockByNumber
eth_getBlockByNumber
eth_getBlockByNumber
eth_getBlockByNumber
eth_getBlockByNumber
eth_getBlockByNumber
eth_getBlockByNumber
eth_getBlockByNumber
eth_getBlockByNumber
eth_getBlockByNumber
eth_getBlockByNumber
eth_getBlockByNumber
eth_getBlockByNumber
eth_getBlockByNumber
eth_getBlockByNumber
eth_getBlockByNumber
eth_getBlockByNumber
eth_getBlockByNumber
eth_getBlockByNumber
eth_getBlockByNumber
eth_getBlockByNumber
eth_getBlockByNumber
eth_getBlockByNumber
eth_getBlockByNumber
eth_getBlockByNumber
eth_getBlockByNumber
eth_getBlockByNumber
eth_getBlockByNumber
eth_getBlockByNumber
eth_getBlockByNumber
eth_getBlockByNumber
eth_getBlockByNumber
eth_getBlockByNumber
eth_getBlockByNumber
eth_getBlockByNumber
eth_getBlockByNumber
eth_getBlockByNumber
eth_getBlockByNumber
eth_getBlockByNumber
eth_getBlockByNumber
eth_getBlockByNumber
eth_getBlockByNumber
eth_getBlockByNumber
eth_getBlockByNumber
eth_getBlockByNumber
eth_getBlockByNumber
eth_getBlockByNumber
eth_getBlockByNumber
eth_getBlockByNumber
eth_getBlockByNumber
eth_getBlockByNumber
eth_getBlockByNumber
eth_getBlockByNumber
eth_getBlockByNumber
eth_getBlockByNumber
eth_getBlockByNumber
eth_getBlockByNumber
eth_getBlockByNumber
eth_getBlockByNumber
eth_getBlockByNumber
eth_getBlockByNumber
eth_getBlockByNumber
eth_getBlockByNumber
eth_getBlockByNumber
eth_getBlockByNumber
eth_getBlockByNumber
eth_getBlockByNumber
eth_getBlockByNumber
eth_getBlockByNumber
eth_getBlockByNumber
eth_getBlockByNumber
eth_getBlockByNumber
eth_getBlockByNumber
eth_getBlockByNumber
eth_getBlockByNumber
eth_getBlockByNumber
eth_getBlockByNumber
eth_getBlockByNumber
eth_getBlockByNumber
eth_getBlockByNumber
eth_getBlockByNumber
eth_getBlockByNumber
eth_getBlockByNumber
eth_getBlockByNumber
eth_getBlockByNumber
eth_getBlockByNumber
eth_getBlockByNumber
eth_getBlockByNumber
eth_getBlockByNumber
eth_getBlockByNumber
eth_getBlockByNumber
eth_getBlockByNumber
eth_getBlockByNumber
eth_getBlockByNumber
eth_getBlockByNumber
eth_getBlockByNumber
eth_getBlockByNumber
eth_getBlockByNumber
eth_getBlockByNumber
eth_getBlockByNumber
eth_getBlockByNumber
eth_getBlockByNumber
eth_getBlockByNumber
eth_getBlockByNumber
eth_getBlockByNumber
eth_getBlockByNumber
eth_getBlockByNumber
eth_getBlockByNumber
eth_getBlockByNumber
eth_getBlockByNumber
eth_getBlockByNumber
eth_getBlockByNumber
eth_getBlockByNumber
eth_getBlockByNumber
eth_getBlockByNumber
eth_getBlockByNumber
eth_getBlockByNumber
eth_getBlockByNumber
eth_getBlockByNumber
eth_getBlockByNumber
eth_getBlockByNumber
eth_getBlockByNumber
eth_getBlockByNumber
eth_getBlockByNumber
eth_getBlockByNumber
eth_getBlockByNumber
eth_getBlockByNumber
eth_getBlockByNumber
eth_getBlockByNumber
eth_getBlockByNumber
eth_getBlockByNumber
eth_getBlockByNumber
eth_getBlockByNumber
eth_getBlockByNumber
eth_getBlockByNumber
eth_getBlockByNumber
eth_getBlockByNumber
eth_getBlockByNumber
eth_getBlockByNumber
eth_getBlockByNumber
eth_getBlockByNumber
eth_getBlockByNumber
eth_getBlockByNumber
eth_getBlockByNumber
eth_getBlockByNumber
eth_getBlockByNumber
eth_getBlockByNumber
eth_getBlockByNumber
eth_getBlockByNumber
eth_getBlockByNumber
eth_getBlockByNumber
eth_getBlockByNumber
eth_getBlockByNumber
eth_getBlockByNumber
eth_getBlockByNumber
eth_getBlockByNumber
eth_getBlockByNumber
eth_getBlockByNumber
eth_getBlockByNumber
eth_getBlockByNumber
eth_getBlockByNumber
eth_getBlockByNumber
eth_getBlockByNumber
eth_getBlockByNumber
eth_getBlockByNumber
eth_getBlockByNumber
eth_getBlockByNumber
eth_getBlockByNumber
eth_getBlockByNumber
eth_getBlockByNumber
eth_getBlockByNumber
eth_getBlockByNumber
eth_getBlockByNumber
eth_getBlockByNumber
eth_getBlockByNumber
eth_getBlockByNumber
eth_getBlockByNumber
eth_getBlockByNumber
eth_getBlockByNumber
eth_getBlockByNumber
eth_getBlockByNumber
eth_getBlockByNumber
eth_getBlockByNumber
eth_getBlockByNumber
eth_getBlockByNumber
eth_getBlockByNumber
eth_getBlockByNumber
eth_getBlockByNumber
eth_getBlockByNumber
eth_getBlockByNumber
eth_getBlockByNumber
eth_getBlockByNumber
eth_getBlockByNumber
eth_getBlockByNumber
eth_getBlockByNumber
eth_getBlockByNumber
eth_getBlockByNumber
eth_getBlockByNumber
eth_getBlockByNumber
eth_getBlockByNumber
eth_getBlockByNumber
eth_getBlockByNumber
eth_getBlockByNumber
eth_getBlockByNumber
eth_getBlockByNumber
eth_getBlockByNumber
eth_getBlockByNumber
eth_getBlockByNumber
eth_getBlockByNumber
eth_getBlockByNumber
eth_getBlockByNumber
eth_getBlockByNumber
eth_getBlockByNumber
eth_getBlockByNumber
eth_getBlockByNumber
eth_getBlockByNumber
eth_getBlockByNumber
eth_getBlockByNumber
eth_getBlockByNumber
eth_getBlockByNumber
eth_getBlockByNumber
eth_getBlockByNumber
eth_getBlockByNumber
eth_getBlockByNumber
eth_getBlockByNumber
eth_getBlockByNumber
eth_getBlockByNumber
eth_getBlockByNumber
eth_getBlockByNumber
eth_getBlockByNumber
eth_getBlockByNumber
eth_getBlockByNumber
eth_getBlockByNumber
eth_getBlockByNumber
eth_getBlockByNumber
eth_getBlockByNumber
eth_getBlockByNumber
eth_getBlockByNumber
eth_getBlockByNumber
eth_getBlockByNumber
eth_getBlockByNumber
eth_getBlockByNumber
eth_getBlockByNumber
eth_getBlockByNumber
eth_getBlockByNumber
eth_getBlockByNumber
eth_getBlockByNumber
eth_getBlockByNumber
eth_getBlockByNumber
eth_getBlockByNumber
eth_getBlockByNumber
eth_getBlockByNumber
eth_getBlockByNumber
eth_getBlockByNumber
eth_getBlockByNumber
eth_getBlockByNumber
eth_getBlockByNumber
eth_getBlockByNumber
eth_getBlockByNumber
eth_getBlockByNumber
eth_getBlockByNumber
eth_getBlockByNumber
eth_getBlockByNumber
eth_getBlockByNumber
eth_getBlockByNumber
eth_getBlockByNumber
eth_getBlockByNumber
eth_getBlockByNumber
eth_getBlockByNumber
eth_getBlockByNumber
eth_getBlockByNumber
eth_getBlockByNumber
eth_getBlockByNumber
eth_getBlockByNumber
eth_getBlockByNumber
eth_getBlockByNumber
eth_getBlockByNumber
eth_getBlockByNumber
eth_getBlockByNumber
eth_getBlockByNumber
eth_getBlockByNumber
eth_getBlockByNumber
eth_getBlockByNumber
eth_getBlockByNumber
eth_getBlockByNumber
eth_getBlockByNumber
eth_getBlockByNumber
eth_getBlockByNumber
eth_getBlockByNumber
eth_getBlockByNumber
eth_getBlockByNumber
eth_getBlockByNumber
eth_getBlockByNumber
eth_getBlockByNumber
eth_getBlockByNumber
eth_getBlockByNumber
eth_getBlockByNumber
eth_getBlockByNumber
eth_getBlockByNumber
eth_getBlockByNumber
eth_getBlockByNumber
eth_getBlockByNumber
eth_getBlockByNumber
eth_getBlockByNumber
eth_getBlockByNumber
eth_getBlockByNumber
eth_getBlockByNumber
eth_getBlockByNumber
eth_getBlockByNumber
eth_getBlockByNumber
eth_getBlockByNumber
eth_getBlockByNumber
eth_getBlockByNumber
eth_getBlockByNumber
eth_getBlockByNumber
eth_getBlockByNumber
eth_getBlockByNumber
eth_getBlockByNumber
eth_getBlockByNumber
eth_getBlockByNumber
eth_getBlockByNumber
eth_getBlockByNumber
eth_getBlockByNumber
eth_getBlockByNumber
eth_getBlockByNumber
eth_getBlockByNumber
eth_getBlockByNumber
eth_getBlockByNumber
eth_getBlockByNumber
eth_getBlockByNumber
eth_getBlockByNumber
eth_getBlockByNumber
eth_getBlockByNumber
eth_getBlockByNumber
eth_getBlockByNumber
eth_getBlockByNumber
eth_getBlockByNumber
eth_getBlockByNumber
eth_getBlockByNumber
eth_getBlockByNumber
eth_getBlockByNumber
eth_getBlockByNumber
eth_getBlockByNumber
eth_getBlockByNumber
eth_getBlockByNumber
eth_getBlockByNumber
eth_getBlockByNumber
eth_getBlockByNumber
eth_getBlockByNumber
eth_getBlockByNumber
eth_getBlockByNumber
eth_getBlockByNumber
eth_getBlockByNumber
eth_getBlockByNumber
eth_getBlockByNumber
eth_getBlockByNumber
eth_getBlockByNumber
eth_getBlockByNumber
eth_getBlockByNumber
eth_getBlockByNumber
eth_getBlockByNumber
eth_getBlockByNumber
eth_getBlockByNumber
eth_getBlockByNumber
eth_getBlockByNumber
eth_getBlockByNumber
eth_getBlockByNumber
eth_getBlockByNumber
eth_getBlockByNumber
eth_getBlockByNumber
eth_getBlockByNumber
eth_getBlockByNumber
eth_getBlockByNumber
eth_getBlockByNumber
eth_getBlockByNumber
eth_getBlockByNumber
eth_getBlockByNumber
eth_getBlockByNumber
eth_getBlockByNumber
eth_getBlockByNumber
eth_getBlockByNumber
eth_getBlockByNumber
eth_getBlockByNumber
eth_getBlockByNumber
eth_getBlockByNumber
eth_getBlockByNumber
eth_getBlockByNumber
eth_getBlockByNumber
eth_getBlockByNumber
eth_getBlockByNumber
eth_getBlockByNumber
eth_getBlockByNumber
eth_getBlockByNumber
eth_getBlockByNumber
eth_getBlockByNumber
eth_getBlockByNumber
eth_getBlockByNumber
eth_getBlockByNumber
eth_getBlockByNumber
eth_getBlockByNumber
eth_getBlockByNumber
eth_getBlockByNumber
eth_getBlockByNumber
eth_getBlockByNumber
eth_getBlockByNumber
eth_getBlockByNumber
eth_getBlockByNumber
eth_getBlockByNumber
eth_getBlockByNumber
eth_getBlockByNumber
eth_getBlockByNumber
eth_getBlockByNumber
eth_getBlockByNumber
eth_getBlockByNumber
eth_getBlockByNumber
eth_getBlockByNumber
eth_getBlockByNumber
eth_getBlockByNumber
eth_getBlockByNumber
eth_getBlockByNumber
eth_getBlockByNumber
eth_getBlockByNumber
eth_getBlockByNumber
eth_getBlockByNumber
eth_getBlockByNumber
eth_getBlockByNumber
eth_getBlockByNumber
eth_getBlockByNumber
eth_getBlockByNumber
eth_getBlockByNumber
eth_getBlockByNumber
eth_getBlockByNumber
eth_getBlockByNumber
eth_getBlockByNumber
eth_getBlockByNumber
eth_getBlockByNumber
eth_getBlockByNumber
eth_getBlockByNumber
eth_getBlockByNumber
eth_getBlockByNumber
eth_getBlockByNumber
eth_getBlockByNumber
eth_getBlockByNumber
eth_getBlockByNumber
eth_getBlockByNumber
eth_getBlockByNumber
eth_getBlockByNumber
eth_getBlockByNumber
eth_getBlockByNumber
eth_getBlockByNumber
eth_getBlockByNumber
eth_getBlockByNumber
eth_getBlockByNumber
eth_getBlockByNumber
eth_getBlockByNumber
eth_getBlockByNumber
eth_getBlockByNumber
eth_getBlockByNumber
eth_getBlockByNumber
eth_getBlockByNumber
eth_getBlockByNumber
eth_getBlockByNumber
eth_getBlockByNumber
eth_getBlockByNumber
eth_getBlockByNumber
eth_getBlockByNumber
eth_getBlockByNumber
eth_getBlockByNumber
eth_getBlockByNumber
eth_getBlockByNumber
eth_getBlockByNumber
eth_getBlockByNumber
eth_getBlockByNumber
eth_getBlockByNumber
eth_getBlockByNumber
eth_getBlockByNumber
eth_getBlockByNumber
eth_getBlockByNumber
eth_getBlockByNumber
eth_getBlockByNumber
eth_getBlockByNumber
eth_getBlockByNumber
eth_getBlockByNumber
eth_getBlockByNumber
eth_getBlockByNumber
eth_getBlockByNumber
eth_getBlockByNumber
eth_getBlockByNumber
eth_getBlockByNumber
eth_getBlockByNumber
eth_getBlockByNumber
eth_getBlockByNumber
eth_getBlockByNumber
eth_getBlockByNumber
eth_getBlockByNumber
eth_getBlockByNumber
eth_getBlockByNumber
eth_getBlockByNumber
eth_getBlockByNumber
eth_getBlockByNumber
eth_getBlockByNumber
eth_getBlockByNumber
eth_getBlockByNumber
eth_getBlockByNumber
eth_getBlockByNumber
eth_getBlockByNumber
eth_getBlockByNumber
eth_getBlockByNumber
eth_getBlockByNumber
eth_getBlockByNumber
eth_getBlockByNumber
eth_getBlockByNumber
eth_getBlockByNumber
eth_getBlockByNumber
eth_getBlockByNumber
eth_getBlockByNumber
eth_getBlockByNumber
eth_getBlockByNumber
eth_getBlockByNumber
eth_getBlockByNumber
eth_getBlockByNumber
eth_getBlockByNumber
eth_getBlockByNumber
eth_getBlockByNumber
eth_getBlockByNumber
eth_getBlockByNumber
eth_getBlockByNumber
eth_getBlockByNumber
eth_getBlockByNumber
eth_getBlockByNumber
eth_getBlockByNumber
eth_getBlockByNumber
eth_getBlockByNumber
eth_getBlockByNumber
eth_getBlockByNumber
eth_getBlockByNumber
eth_getBlockByNumber
eth_getBlockByNumber
eth_getBlockByNumber
eth_getBlockByNumber
eth_getBlockByNumber
eth_getBlockByNumber
eth_getBlockByNumber
eth_getBlockByNumber
eth_getBlockByNumber
eth_getBlockByNumber
eth_getBlockByNumber
eth_getBlockByNumber
eth_getBlockByNumber
eth_getBlockByNumber
eth_getBlockByNumber
eth_getBlockByNumber
eth_getBlockByNumber
eth_getBlockByNumber
eth_getBlockByNumber
eth_getBlockByNumber
eth_getBlockByNumber
eth_getBlockByNumber
eth_getBlockByNumber
eth_getBlockByNumber
eth_getBlockByNumber
eth_getBlockByNumber
eth_getBlockByNumber
eth_getBlockByNumber
eth_getBlockByNumber
eth_getBlockByNumber
eth_getBlockByNumber
eth_getBlockByNumber
eth_getBlockByNumber
eth_getBlockByNumber
eth_getBlockByNumber
eth_getBlockByNumber
eth_getBlockByNumber
eth_getBlockByNumber
eth_getBlockByNumber
eth_getBlockByNumber
eth_getBlockByNumber
eth_getBlockByNumber
eth_getBlockByNumber
eth_getBlockByNumber
eth_getBlockByNumber
eth_getBlockByNumber
eth_getBlockByNumber
eth_getBlockByNumber
eth_getBlockByNumber
eth_getBlockByNumber
eth_getBlockByNumber
eth_getBlockByNumber
eth_getBlockByNumber
eth_getBlockByNumber
eth_getBlockByNumber
eth_getBlockByNumber
eth_getBlockByNumber
eth_getBlockByNumber
eth_getBlockByNumber
eth_getBlockByNumber
eth_getBlockByNumber
eth_getBlockByNumber
eth_getBlockByNumber
eth_getBlockByNumber
eth_getBlockByNumber
eth_getBlockByNumber
eth_getBlockByNumber
eth_getBlockByNumber
eth_getBlockByNumber
eth_getBlockByNumber
eth_getBlockByNumber
eth_getBlockByNumber
eth_getBlockByNumber
eth_getBlockByNumber
eth_getBlockByNumber
eth_getBlockByNumber
eth_getBlockByNumber
eth_getBlockByNumber
eth_getBlockByNumber
eth_getBlockByNumber
eth_getBlockByNumber
eth_getBlockByNumber
eth_getBlockByNumber
eth_getBlockByNumber
eth_getBlockByNumber
eth_getBlockByNumber
eth_getBlockByNumber
eth_getBlockByNumber
eth_getBlockByNumber
eth_getBlockByNumber
eth_getBlockByNumber
eth_getBlockByNumber
eth_getBlockByNumber
eth_getBlockByNumber
eth_getBlockByNumber
eth_getBlockByNumber
eth_getBlockByNumber
eth_getBlockByNumber
eth_getBlockByNumber
eth_getBlockByNumber
eth_getBlockByNumber
eth_getBlockByNumber
eth_getBlockByNumber
eth_getBlockByNumber
eth_getBlockByNumber
eth_getBlockByNumber
eth_getBlockByNumber
eth_getBlockByNumber
eth_getBlockByNumber
eth_getBlockByNumber
eth_getBlockByNumber
eth_getBlockByNumber
eth_getBlockByNumber
eth_getBlockByNumber
eth_getBlockByNumber
eth_getBlockByNumber
eth_getBlockByNumber
eth_getBlockByNumber
eth_getBlockByNumber
eth_getBlockByNumber
eth_getBlockByNumber
eth_getBlockByNumber
eth_getBlockByNumber
eth_getBlockByNumber
eth_getBlockByNumber
eth_getBlockByNumber
eth_getBlockByNumber
eth_getBlockByNumber
eth_getBlockByNumber
eth_getBlockByNumber
eth_getBlockByNumber
eth_getBlockByNumber
eth_getBlockByNumber
eth_getBlockByNumber
eth_getBlockByNumber
eth_getBlockByNumber
eth_getBlockByNumber
eth_getBlockByNumber
eth_getBlockByNumber
eth_getBlockByNumber
eth_getBlockByNumber
eth_getBlockByNumber
eth_getBlockByNumber
eth_getBlockByNumber
eth_getBlockByNumber
eth_getBlockByNumber
eth_getBlockByNumber
eth_getBlockByNumber
eth_getBlockByNumber
eth_getBlockByNumber
eth_getBlockByNumber
eth_getBlockByNumber
eth_getBlockByNumber
eth_getBlockByNumber
eth_getBlockByNumber
eth_getBlockByNumber
eth_getBlockByNumber
eth_getBlockByNumber
eth_getBlockByNumber
eth_getBlockByNumber
eth_getBlockByNumber
eth_getBlockByNumber
eth_getBlockByNumber
eth_getBlockByNumber
eth_getBlockByNumber
eth_getBlockByNumber
eth_getBlockByNumber
eth_getBlockByNumber
eth_getBlockByNumber
eth_getBlockByNumber
eth_getBlockByNumber
eth_getBlockByNumber
eth_getBlockByNumber
eth_getBlockByNumber
eth_getBlockByNumber
eth_getBlockByNumber
eth_getBlockByNumber
eth_getBlockByNumber
eth_getBlockByNumber
eth_getBlockByNumber
eth_getBlockByNumber
eth_getBlockByNumber
eth_getBlockByNumber
eth_getBlockByNumber
eth_getBlockByNumber
eth_getBlockByNumber
eth_getBlockByNumber
eth_getBlockByNumber
eth_getBlockByNumber
eth_getBlockByNumber
eth_getBlockByNumber
eth_getBlockByNumber
eth_getBlockByNumber
eth_getBlockByNumber
eth_getBlockByNumber
eth_getBlockByNumber
eth_getBlockByNumber
eth_getBlockByNumber
eth_getBlockByNumber
eth_getBlockByNumber
eth_getBlockByNumber
eth_getBlockByNumber
eth_getBlockByNumber
eth_getBlockByNumber
eth_getBlockByNumber
eth_getBlockByNumber
eth_getBlockByNumber
eth_getBlockByNumber
eth_getBlockByNumber
eth_getBlockByNumber
eth_getBlockByNumber
eth_getBlockByNumber
eth_getBlockByNumber
eth_getBlockByNumber
eth_getBlockByNumber
eth_getBlockByNumber
eth_getBlockByNumber
eth_getBlockByNumber
eth_getBlockByNumber
eth_getBlockByNumber
eth_getBlockByNumber
eth_getBlockByNumber
eth_getBlockByNumber
eth_getBlockByNumber
eth_getBlockByNumber
eth_getBlockByNumber
eth_getBlockByNumber
eth_getBlockByNumber
eth_getBlockByNumber
eth_getBlockByNumber
eth_getBlockByNumber
eth_getBlockByNumber
eth_getBlockByNumber
eth_getBlockByNumber
eth_getBlockByNumber
eth_getBlockByNumber
eth_getBlockByNumber
eth_getBlockByNumber
eth_getBlockByNumber
eth_getBlockByNumber
eth_getBlockByNumber
eth_getBlockByNumber
eth_getBlockByNumber
eth_getBlockByNumber
eth_getBlockByNumber
eth_getBlockByNumber
eth_getBlockByNumber
eth_getBlockByNumber
eth_getBlockByNumber
eth_getBlockByNumber
eth_getBlockByNumber
eth_getBlockByNumber
eth_getBlockByNumber
eth_getBlockByNumber
eth_getBlockByNumber
eth_getBlockByNumber
eth_getBlockByNumber
eth_getBlockByNumber
eth_getBlockByNumber
eth_getBlockByNumber
eth_getBlockByNumber
eth_getBlockByNumber
eth_getBlockByNumber
eth_getBlockByNumber
eth_getBlockByNumber
eth_getBlockByNumber
eth_getBlockByNumber
eth_getBlockByNumber
eth_getBlockByNumber
eth_getBlockByNumber
eth_getBlockByNumber
eth_getBlockByNumber
eth_getBlockByNumber
eth_getBlockByNumber
eth_getBlockByNumber
eth_getBlockByNumber
eth_getBlockByNumber
eth_getBlockByNumber
eth_getBlockByNumber
eth_getBlockByNumber
eth_getBlockByNumber
eth_getBlockByNumber
eth_getBlockByNumber
eth_getBlockByNumber
eth_getBlockByNumber
eth_getBlockByNumber
eth_getBlockByNumber
eth_getBlockByNumber
eth_getBlockByNumber
eth_getBlockByNumber
eth_getBlockByNumber
eth_getBlockByNumber
eth_getBlockByNumber
eth_getBlockByNumber
eth_getBlockByNumber
eth_getBlockByNumber
eth_getBlockByNumber
eth_getBlockByNumber
eth_getBlockByNumber
eth_getBlockByNumber
eth_getBlockByNumber
eth_getBlockByNumber
eth_getBlockByNumber
eth_getBlockByNumber
eth_getBlockByNumber
eth_getBlockByNumber
eth_getBlockByNumber
eth_getBlockByNumber
eth_getBlockByNumber
eth_getBlockByNumber
eth_getBlockByNumber
eth_getBlockByNumber
eth_getBlockByNumber
eth_getBlockByNumber
eth_getBlockByNumber
eth_getBlockByNumber
eth_getBlockByNumber
eth_getBlockByNumber
eth_getBlockByNumber
eth_getBlockByNumber
eth_getBlockByNumber
eth_getBlockByNumber
eth_getBlockByNumber
eth_getBlockByNumber
eth_getBlockByNumber
eth_getBlockByNumber
eth_getBlockByNumber
eth_getBlockByNumber
eth_getBlockByNumber
eth_getBlockByNumber
eth_getBlockByNumber
eth_getBlockByNumber
eth_getBlockByNumber
eth_getBlockByNumber
eth_getBlockByNumber
eth_getBlockByNumber
eth_getBlockByNumber
eth_getBlockByNumber
eth_getBlockByNumber
eth_getBlockByNumber
eth_getBlockByNumber
eth_getBlockByNumber
eth_getBlockByNumber
eth_getBlockByNumber
eth_getBlockByNumber
eth_getBlockByNumber
eth_getBlockByNumber
eth_getBlockByNumber
eth_getBlockByNumber
eth_getBlockByNumber
eth_getBlockByNumber
eth_getBlockByNumber
eth_getBlockByNumber
eth_getBlockByNumber
eth_getBlockByNumber
eth_getBlockByNumber
eth_getBlockByNumber
eth_getBlockByNumber
eth_getBlockByNumber
eth_getBlockByNumber
eth_getBlockByNumber
eth_getBlockByNumber
eth_getBlockByNumber
eth_getBlockByNumber
eth_getBlockByNumber
eth_getBlockByNumber
eth_getBlockByNumber
eth_getBlockByNumber
eth_getBlockByNumber
eth_getBlockByNumber
eth_getBlockByNumber
eth_getBlockByNumber
eth_getBlockByNumber
eth_getBlockByNumber
eth_getBlockByNumber
eth_getBlockByNumber
eth_getBlockByNumber
eth_getBlockByNumber
eth_getBlockByNumber
eth_getBlockByNumber
eth_getBlockByNumber
eth_getBlockByNumber
eth_getBlockByNumber
eth_getBlockByNumber
eth_getBlockByNumber
eth_getBlockByNumber
eth_getBlockByNumber
eth_getBlockByNumber
eth_getBlockByNumber
eth_getBlockByNumber
eth_getBlockByNumber
eth_getBlockByNumber
eth_getBlockByNumber
eth_getBlockByNumber
eth_getBlockByNumber
eth_getBlockByNumber
eth_getBlockByNumber
eth_getBlockByNumber
eth_getBlockByNumber
eth_getBlockByNumber
eth_getBlockByNumber
eth_getBlockByNumber
eth_getBlockByNumber
eth_getBlockByNumber
eth_getBlockByNumber
eth_getBlockByNumber
eth_getBlockByNumber
eth_getBlockByNumber
eth_getBlockByNumber
eth_getBlockByNumber
eth_getBlockByNumber
eth_getBlockByNumber
eth_getBlockByNumber
eth_getBlockByNumber
eth_getBlockByNumber
eth_getBlockByNumber
eth_getBlockByNumber
eth_getBlockByNumber
eth_getBlockByNumber
eth_getBlockByNumber
eth_getBlockByNumber
eth_getBlockByNumber
eth_getBlockByNumber
eth_getBlockByNumber
eth_getBlockByNumber
eth_getBlockByNumber
eth_getBlockByNumber
eth_getBlockByNumber
eth_getBlockByNumber
eth_getBlockByNumber
eth_getBlockByNumber
eth_getBlockByNumber
eth_getBlockByNumber
eth_getBlockByNumber
eth_getBlockByNumber
eth_getBlockByNumber
eth_getBlockByNumber
eth_getBlockByNumber
eth_getBlockByNumber
eth_getBlockByNumber
eth_getBlockByNumber
eth_getBlockByNumber
eth_getBlockByNumber
eth_getBlockByNumber
eth_getBlockByNumber
eth_getBlockByNumber
eth_getBlockByNumber
eth_getBlockByNumber
eth_getBlockByNumber
eth_getBlockByNumber
eth_getBlockByNumber
eth_getBlockByNumber
eth_getBlockByNumber
eth_getBlockByNumber
eth_getBlockByNumber
eth_getBlockByNumber
eth_getBlockByNumber
eth_getBlockByNumber
eth_getBlockByNumber
eth_getBlockByNumber
eth_getBlockByNumber
eth_getBlockByNumber
eth_getBlockByNumber
eth_getBlockByNumber
eth_getBlockByNumber
eth_getBlockByNumber
eth_getBlockByNumber
eth_getBlockByNumber
eth_getBlockByNumber
eth_getBlockByNumber
eth_getBlockByNumber
eth_getBlockByNumber
eth_getBlockByNumber
eth_getBlockByNumber
eth_getBlockByNumber
eth_getBlockByNumber
eth_getBlockByNumber
eth_getBlockByNumber
eth_getBlockByNumber
eth_getBlockByNumber
eth_getBlockByNumber
eth_getBlockByNumber
eth_getBlockByNumber
eth_getBlockByNumber
eth_getBlockByNumber
eth_getBlockByNumber
eth_getBlockByNumber
eth_getBlockByNumber
eth_getBlockByNumber
eth_getBlockByNumber
eth_getBlockByNumber
eth_getBlockByNumber
eth_getBlockByNumber
eth_getBlockByNumber
eth_getBlockByNumber
eth_getBlockByNumber
eth_getBlockByNumber
eth_getBlockByNumber
eth_getBlockByNumber
eth_getBlockByNumber
eth_getBlockByNumber
eth_getBlockByNumber
eth_getBlockByNumber
eth_getBlockByNumber
eth_getBlockByNumber
eth_getBlockByNumber
eth_getBlockByNumber
eth_getBlockByNumber
eth_getBlockByNumber
eth_getBlockByNumber
eth_getBlockByNumber
eth_getBlockByNumber
eth_getBlockByNumber
eth_getBlockByNumber
eth_getBlockByNumber
eth_getBlockByNumber
eth_getBlockByNumber
eth_getBlockByNumber
eth_getBlockByNumber
eth_getBlockByNumber
eth_getBlockByNumber
eth_getBlockByNumber
eth_getBlockByNumber
eth_getBlockByNumber
eth_getBlockByNumber
eth_getBlockByNumber
eth_getBlockByNumber
eth_getBlockByNumber
eth_getBlockByNumber
eth_getBlockByNumber
eth_getBlockByNumber
eth_getBlockByNumber
eth_getBlockByNumber
eth_getBlockByNumber
eth_getBlockByNumber
eth_getBlockByNumber
eth_getBlockByNumber
eth_getBlockByNumber
eth_getBlockByNumber
eth_getBlockByNumber
eth_getBlockByNumber
eth_getBlockByNumber
eth_getBlockByNumber
eth_getBlockByNumber
eth_getBlockByNumber
eth_getBlockByNumber
eth_getBlockByNumber
eth_getBlockByNumber
eth_getBlockByNumber
eth_getBlockByNumber
eth_getBlockByNumber
eth_getBlockByNumber
eth_getBlockByNumber
eth_getBlockByNumber
eth_getBlockByNumber
eth_getBlockByNumber
eth_getBlockByNumber
eth_getBlockByNumber
eth_getBlockByNumber
eth_getBlockByNumber
eth_getBlockByNumber
eth_getBlockByNumber
eth_getBlockByNumber
eth_getBlockByNumber
eth_getBlockByNumber
eth_getBlockByNumber
eth_getBlockByNumber
eth_getBlockByNumber
eth_getBlockByNumber
eth_getBlockByNumber
eth_getBlockByNumber
eth_getBlockByNumber
eth_getBlockByNumber
eth_getBlockByNumber
eth_getBlockByNumber
eth_getBlockByNumber
eth_getBlockByNumber
eth_getBlockByNumber
eth_getBlockByNumber
eth_getBlockByNumber
eth_getBlockByNumber
eth_getBlockByNumber
eth_getBlockByNumber
eth_getBlockByNumber
eth_getBlockByNumber
eth_getBlockByNumber
eth_getBlockByNumber
eth_getBlockByNumber
eth_getBlockByNumber
eth_getBlockByNumber
eth_getBlockByNumber
eth_getBlockByNumber
eth_getBlockByNumber
eth_getBlockByNumber
eth_getBlockByNumber
eth_getBlockByNumber
eth_getBlockByNumber
eth_getBlockByNumber
eth_getBlockByNumber
eth_getBlockByNumber
eth_getBlockByNumber
eth_getBlockByNumber
eth_getBlockByNumber
eth_getBlockByNumber
eth_getBlockByNumber
eth_getBlockByNumber
eth_getBlockByNumber
eth_getBlockByNumber
eth_getBlockByNumber
eth_getBlockByNumber
eth_getBlockByNumber
eth_getBlockByNumber
eth_getBlockByNumber
eth_getBlockByNumber
eth_getBlockByNumber
eth_getBlockByNumber
eth_getBlockByNumber
eth_getBlockByNumber
eth_getBlockByNumber
eth_getBlockByNumber
eth_getBlockByNumber
eth_getBlockByNumber
eth_getBlockByNumber
eth_getBlockByNumber
eth_getBlockByNumber
eth_getBlockByNumber
eth_getBlockByNumber
eth_getBlockByNumber
eth_getBlockByNumber
eth_getBlockByNumber
eth_getBlockByNumber
eth_getBlockByNumber
eth_getBlockByNumber
eth_getBlockByNumber
eth_getBlockByNumber
eth_getBlockByNumber
eth_getBlockByNumber
eth_getBlockByNumber
eth_getBlockByNumber
eth_getBlockByNumber
eth_getBlockByNumber
eth_getBlockByNumber
eth_getBlockByNumber
eth_getBlockByNumber
eth_getBlockByNumber
eth_getBlockByNumber
eth_getBlockByNumber
eth_getBlockByNumber
eth_getBlockByNumber
eth_getBlockByNumber
eth_getBlockByNumber
eth_getBlockByNumber
eth_getBlockByNumber
eth_getBlockByNumber
eth_getBlockByNumber
eth_getBlockByNumber
eth_getBlockByNumber
eth_getBlockByNumber
eth_getBlockByNumber
eth_getBlockByNumber
eth_getBlockByNumber
eth_getBlockByNumber
eth_getBlockByNumber
eth_getBlockByNumber
eth_getBlockByNumber
eth_getBlockByNumber
eth_getBlockByNumber
eth_getBlockByNumber
eth_getBlockByNumber
eth_getBlockByNumber
eth_getBlockByNumber
eth_getBlockByNumber
eth_getBlockByNumber
eth_getBlockByNumber
eth_getBlockByNumber
eth_getBlockByNumber
eth_getBlockByNumber
eth_getBlockByNumber
eth_getBlockByNumber
eth_getBlockByNumber
eth_getBlockByNumber
eth_getBlockByNumber
eth_getBlockByNumber
eth_getBlockByNumber
eth_getBlockByNumber
eth_getBlockByNumber
eth_getBlockByNumber
eth_getBlockByNumber
eth_getBlockByNumber
eth_getBlockByNumber
eth_getBlockByNumber
eth_getBlockByNumber
eth_getBlockByNumber
eth_getBlockByNumber
eth_getBlockByNumber
eth_getBlockByNumber
eth_getBlockByNumber
eth_getBlockByNumber
eth_getBlockByNumber
eth_getBlockByNumber
eth_getBlockByNumber
eth_getBlockByNumber
eth_getBlockByNumber
eth_getBlockByNumber
eth_getBlockByNumber
eth_getBlockByNumber
eth_getBlockByNumber
eth_getBlockByNumber
eth_getBlockByNumber
eth_getBlockByNumber
eth_getBlockByNumber
eth_getBlockByNumber
eth_getBlockByNumber
eth_getBlockByNumber
eth_getBlockByNumber
eth_getBlockByNumber
eth_getBlockByNumber
eth_getBlockByNumber
eth_getBlockByNumber
eth_getBlockByNumber
eth_getBlockByNumber
eth_getBlockByNumber
eth_getBlockByNumber
eth_getBlockByNumber
eth_getBlockByNumber
eth_getBlockByNumber
eth_getBlockByNumber
eth_getBlockByNumber
eth_getBlockByNumber
eth_getBlockByNumber
eth_getBlockByNumber
eth_getBlockByNumber
eth_getBlockByNumber
eth_getBlockByNumber
eth_getBlockByNumber
eth_getBlockByNumber
eth_getBlockByNumber
eth_getBlockByNumber
eth_getBlockByNumber
eth_getBlockByNumber
eth_getBlockByNumber
eth_getBlockByNumber
eth_getBlockByNumber
eth_getBlockByNumber
eth_getBlockByNumber
eth_getBlockByNumber
eth_getBlockByNumber
eth_getBlockByNumber
eth_getBlockByNumber
eth_getBlockByNumber
eth_getBlockByNumber
eth_getBlockByNumber
eth_getBlockByNumber
eth_getBlockByNumber
eth_getBlockByNumber
eth_getBlockByNumber
eth_getBlockByNumber
eth_getBlockByNumber
eth_getBlockByNumber
Ganache CLI v6.7.0 (ganache-core: 2.8.0)

Available Accounts
==================
(0) 0x028Ae9D51BCFA500C32cef5e88b7Ef04daaF5D81 (100 ETH)
(1) 0xBaFA0460aB0c3EDeaa066775E2fb5a1c2eC37F47 (100 ETH)
(2) 0xADB968eA22544BCdb31337D787641D0f4dFf5dB1 (100 ETH)
(3) 0x03836DB12Fbe9A0eEec6a978a234E870c397CaE5 (100 ETH)
(4) 0x66fcbbdB3834Ac14a6340281fAc1cB6803bE9Fcc (100 ETH)
(5) 0x19E64697741F50a0b53125fadAa9b5F0A9dd033E (100 ETH)
(6) 0x257303CB25B19F172f49B124c9E7abb96B323681 (100 ETH)
(7) 0x15DB06d918A902AdEc84ca593081D05C2F8C2c1B (100 ETH)
(8) 0x1b30E8CCDD1D2dC36BB316BC500965D020a43FcB (100 ETH)
(9) 0x79273647c0fb6bE79aBB4F7E9C895Df30ED63Cb9 (100 ETH)

Private Keys
==================
(0) 0x50b6911593ebbcc02fdf5673ce70f1b0fd470aa70c3389d5a365d8b8bb1f35fc
(1) 0xd89a8507906512ad38fcbd6ecffab9d6d16c1b6ed47681504b43b81fde0c6085
(2) 0x611cb29b35510434b1a428c53fb16b357b24c46b9ac0e63617229ad75934d0a8
(3) 0x05d9f5cf5f5986fac3482a3278aacf0158a1a4b0bb89e20018078709a47db88e
(4) 0xeead955b3046c42dd875cecab282e8b97fd5352d2ab9749f3eecf381b81eb867
(5) 0x5a270410a71fb141b208a3560e141218efc16c15a6aec5d5d283e24dfbaf4ea0
(6) 0x26a402ac9fc644af3a33721b355c5fe38168b46532e7fb0709b8c5be3267d720
(7) 0xa4badb64ef7e44bdc6fd9ac98e5673ed3baf3b0dd8b135b68df609661fb475e8
(8) 0xce4997ea8a7713ccaa4f486afb5845b2340f82913eb1e326f5196eaa8e77f6b9
(9) 0xdc5d1a1701fd54dfe3f58299a24e7f900c227edf9d70761c9e85c70f110aee4d

HD Wallet
==================
Mnemonic:      limb over forest female slice helmet buffalo kangaroo shed price satoshi forest
Base HD Path:  m/44'/60'/0'/0/{account_index}

Gas Price
==================
20000000000

Gas Limit
==================
6721975

Listening on 127.0.0.1:8545
eth_blockNumber
net_version
eth_accounts
eth_getBlockByNumber
eth_accounts
net_version
eth_getBlockByNumber
eth_getBlockByNumber
net_version
eth_getBlockByNumber
eth_estimateGas
eth_blockNumber
net_version
eth_getBlockByNumber
eth_sendTransaction

  Transaction: 0xdeae30eb17a24cf50b9dcafcc9807ce7547d02ae90b7e997fa7a87fb60d85212
  Contract created: 0x8f96242016f8aa828bc2ba798395b2c756be8272
  Gas usage: 263741
  Block Number: 1
  Block Time: Fri Nov 29 2019 15:17:03 GMT+0800 (GMT+08:00)

eth_getTransactionReceipt
eth_getCode
eth_getTransactionByHash
eth_getBlockByNumber
eth_getBalance
eth_getBlockByNumber
eth_getBlockByNumber
eth_sendTransaction

  Transaction: 0x2077a05cb8af1e1db9461c1a3d59a8ee016f6ae94442d7da0378abfe3b99c64f
  Gas usage: 42023
  Block Number: 2
  Block Time: Fri Nov 29 2019 15:17:04 GMT+0800 (GMT+08:00)

eth_getTransactionReceipt
eth_getBlockByNumber
eth_accounts
net_version
eth_getBlockByNumber
eth_getBlockByNumber
net_version
eth_getBlockByNumber
eth_estimateGas
eth_blockNumber
net_version
eth_getBlockByNumber
eth_sendTransaction

  Transaction: 0x07c9643b944245e18c7d6d28a5410651e55bd573314aef7d9c9f89d4bff4e18a
  Contract created: 0x01a03b07a55c26510e8aef1542a5abd06f012866
  Gas usage: 239915
  Block Number: 3
  Block Time: Fri Nov 29 2019 15:17:04 GMT+0800 (GMT+08:00)

eth_getTransactionReceipt
eth_getCode
eth_getTransactionByHash
eth_getBlockByNumber
eth_getBalance
eth_getBlockByNumber
eth_getBlockByNumber
eth_sendTransaction

  Transaction: 0x0491cb998a3234c1566e4f6276d5a6388834ebd1b65413c009f41b5841099b86
  Gas usage: 27023
  Block Number: 4
  Block Time: Fri Nov 29 2019 15:17:04 GMT+0800 (GMT+08:00)

eth_getTransactionReceipt
eth_blockNumber
eth_blockNumber
net_version
net_version
eth_accounts
eth_accounts
eth_accounts
eth_getBlockByNumber
net_version
net_version
eth_getBlockByNumber
eth_getBalance
eth_getBalance
eth_getBalance
eth_getBalance
eth_getBalance
eth_getBalance
eth_getBalance
eth_getBalance
eth_getBalance
eth_getBalance
eth_getBalance
eth_getBalance
net_version
eth_call
eth_getBlockByNumber
eth_estimateGas
net_version
net_version
eth_getBlockByNumber
net_version
net_version
eth_getBlockByNumber
eth_getBlockByNumber
net_version
eth_getBlockByNumber
net_version
net_version
eth_getBlockByNumber
eth_getBlockByNumber
net_version
net_version
eth_getBlockByNumber
net_version
eth_getBlockByNumber
eth_getBlockByNumber
net_version
net_version
eth_getBlockByNumber
net_version
net_version
eth_getBlockByNumber
eth_getBlockByNumber
net_version
net_version
eth_getBlockByNumber
net_version
eth_getBlockByNumber
net_version
eth_getBlockByNumber
net_version
eth_getBlockByNumber
net_version
eth_getBlockByNumber
net_version
eth_getBlockByNumber
net_version
net_version
eth_getBlockByNumber
eth_getBlockByNumber
net_version
eth_getBlockByNumber
net_version
net_version
eth_getBlockByNumber
eth_getBlockByNumber
net_version
eth_getBlockByNumber
net_version
net_version
eth_getBlockByNumber
eth_getBlockByNumber
net_version
net_version
eth_getBlockByNumber
net_version
eth_getBlockByNumber
eth_getBlockByNumber
net_version
net_version
eth_getBlockByNumber
net_version
eth_getBlockByNumber
eth_getBlockByNumber
net_version
net_version
eth_getBlockByNumber
net_version
eth_getBlockByNumber
net_version
eth_getBlockByNumber
net_version
eth_getBlockByNumber
net_version
eth_getBlockByNumber
net_version
eth_getBlockByNumber
net_version
net_version
eth_getBlockByNumber
net_version
eth_getBlockByNumber
net_version
eth_getBlockByNumber
net_version
net_version
eth_getBlockByNumber
eth_getBlockByNumber
net_version
eth_getBlockByNumber
net_version
net_version
eth_getBlockByNumber
net_version
eth_getBlockByNumber
net_version
eth_getBlockByNumber
net_version
net_version
eth_getBlockByNumber
eth_getBlockByNumber
net_version
net_version
eth_getBlockByNumber
net_version
eth_getBlockByNumber
eth_getBlockByNumber
net_version
net_version
eth_getBlockByNumber
net_version
eth_getBlockByNumber
eth_getBlockByNumber
net_version
net_version
eth_getBlockByNumber
net_version
eth_getBlockByNumber
net_version
eth_getBlockByNumber
net_version
eth_getBlockByNumber
net_version
eth_getBlockByNumber
net_version
eth_getBlockByNumber
net_version
eth_getBlockByNumber
net_version
net_version
eth_getBlockByNumber
net_version
eth_getBlockByNumber
net_version
net_version
eth_getBlockByNumber
net_version
eth_getBlockByNumber
net_version
eth_getBlockByNumber
net_version
net_version
net_version
eth_getBlockByNumber
eth_getBlockByNumber
net_version
eth_getBlockByNumber
net_version
net_version
eth_getBlockByNumber
eth_getBlockByNumber
net_version
net_version
eth_getBlockByNumber
net_version
eth_getBlockByNumber
eth_getBlockByNumber
net_version
net_version
eth_getBlockByNumber
net_version
eth_getBlockByNumber
eth_getBlockByNumber
net_version
net_version
eth_getBlockByNumber
net_version
eth_getBlockByNumber
net_version
eth_getBlockByNumber
net_version
eth_getBlockByNumber
net_version
eth_getBlockByNumber
net_version
eth_getBlockByNumber
net_version
eth_getBlockByNumber
net_version
eth_getBlockByNumber
net_version
eth_getBlockByNumber
net_version
net_version
eth_getBlockByNumber
eth_getBlockByNumber
net_version
eth_getBlockByNumber
net_version
net_version
eth_getBlockByNumber
eth_getBlockByNumber
net_version
eth_getBlockByNumber
net_version
net_version
eth_getBlockByNumber
eth_getBlockByNumber
net_version
net_version
eth_getBlockByNumber
net_version
eth_getBlockByNumber
eth_getBlockByNumber
net_version
net_version
eth_getBlockByNumber
net_version
eth_getBlockByNumber
eth_getBlockByNumber
net_version
net_version
eth_getBlockByNumber
net_version
eth_getBlockByNumber
net_version
eth_getBlockByNumber
net_version
eth_getBlockByNumber
net_version
eth_getBlockByNumber
net_version
eth_getBlockByNumber
net_version
eth_getBlockByNumber
net_version
eth_getBlockByNumber
net_version
eth_getBlockByNumber
net_version
net_version
eth_getBlockByNumber
eth_getBlockByNumber
net_version
eth_getBlockByNumber
net_version
net_version
net_version
eth_getBlockByNumber
eth_getBlockByNumber
net_version
eth_getBlockByNumber
net_version
net_version
net_version
eth_getBlockByNumber
eth_getBlockByNumber
net_version
net_version
eth_getBlockByNumber
net_version
eth_getBlockByNumber
eth_getBlockByNumber
net_version
net_version
eth_getBlockByNumber
net_version
eth_getBlockByNumber
net_version
eth_getBlockByNumber
net_version
eth_getBlockByNumber
net_version
eth_blockNumber
net_version
eth_accounts
eth_getBlockByNumber
eth_getCode
eth_getBlockByNumber
net_version
eth_getBlockByNumber
eth_call
eth_getBlockByNumber
net_version
eth_blockNumber
eth_blockNumber
net_version
net_version
eth_accounts
eth_accounts
eth_accounts
eth_getBlockByNumber
net_version
eth_getBlockByNumber
net_version
eth_getBlockByNumber
net_version
net_version
eth_getBlockByNumber
eth_getBlockByNumber
net_version
eth_getBlockByNumber
net_version
net_version
eth_getBlockByNumber
eth_getBlockByNumber
net_version
eth_getBlockByNumber
net_version
net_version
eth_getBlockByNumber
eth_getBlockByNumber
net_version
eth_blockNumber
eth_blockNumber
net_version
net_version
eth_accounts
eth_accounts
eth_accounts
net_version
eth_getBlockByNumber
net_version
eth_getBlockByNumber
eth_getBlockByNumber
net_version
net_version
eth_getBlockByNumber
net_version
eth_getBlockByNumber
eth_getBlockByNumber
net_version
eth_blockNumber
eth_blockNumber
net_version
net_version
net_version
eth_accounts
eth_accounts
eth_accounts
eth_getBlockByNumber
net_version
eth_getBlockByNumber
net_version
eth_getBlockByNumber
net_version
eth_getBlockByNumber
net_version
eth_getBlockByNumber
net_version
eth_getBlockByNumber
net_version
eth_getBlockByNumber
net_version
eth_getBlockByNumber
net_version
eth_getBlockByNumber
net_version
net_version
eth_getBlockByNumber
eth_getBlockByNumber
net_version
eth_getBlockByNumber
net_version
net_version
eth_getBlockByNumber
eth_getBlockByNumber
net_version
eth_getBlockByNumber
net_version
net_version
eth_getBlockByNumber
eth_blockNumber
eth_blockNumber
net_version
net_version
eth_accounts
eth_accounts
eth_accounts
eth_getBlockByNumber
net_version
net_version
eth_getBlockByNumber
net_version
eth_getBlockByNumber
eth_getBlockByNumber
net_version
net_version
eth_getBlockByNumber
net_version
eth_getBlockByNumber
eth_getBlockByNumber
net_version
net_version
eth_getBlockByNumber
net_version
eth_getBlockByNumber
net_version
eth_getBlockByNumber
net_version
eth_getBlockByNumber
net_version
eth_getBlockByNumber
net_version
eth_getBlockByNumber
net_version
eth_getBlockByNumber
net_version
eth_getBlockByNumber
net_version
eth_getBlockByNumber
net_version
net_version
eth_getBlockByNumber
eth_getBlockByNumber
net_version
eth_getBlockByNumber
net_version
eth_blockNumber
eth_blockNumber
net_version
net_version
eth_accounts
eth_accounts
eth_accounts
net_version
eth_getBlockByNumber
eth_getBlockByNumber
net_version
eth_getBlockByNumber
net_version
net_version
eth_getBlockByNumber
eth_getBlockByNumber
net_version
eth_blockNumber
eth_blockNumber
net_version
net_version
eth_accounts
eth_accounts
eth_accounts
net_version
eth_getBlockByNumber
net_version
eth_getBlockByNumber
eth_getBlockByNumber
net_version
net_version
eth_getBlockByNumber
net_version
eth_getBlockByNumber
eth_getBlockByNumber
net_version
eth_blockNumber
eth_blockNumber
net_version
net_version
eth_accounts
eth_accounts
eth_accounts
net_version
eth_getBlockByNumber
net_version
eth_getBlockByNumber
net_version
eth_getBlockByNumber
net_version
eth_getBlockByNumber
net_version
eth_getBlockByNumber
net_version
eth_getBlockByNumber
net_version
eth_getBlockByNumber
net_version
eth_getBlockByNumber
net_version
eth_getBlockByNumber
net_version
net_version
eth_getBlockByNumber
eth_getBlockByNumber
net_version
eth_getBlockByNumber
net_version
net_version
eth_getBlockByNumber
eth_getBlockByNumber
net_version
eth_getBlockByNumber
net_version
net_version
eth_getBlockByNumber
eth_getBlockByNumber
net_version
net_version
eth_getBlockByNumber
eth_blockNumber
net_version
eth_accounts
eth_getBlockByNumber
eth_getCode
eth_getBlockByNumber
eth_call
net_version
eth_getBlockByNumber
eth_blockNumber
eth_blockNumber
net_version
net_version
eth_accounts
eth_accounts
eth_accounts
eth_getBlockByNumber
net_version
net_version
eth_getBlockByNumber
net_version
eth_getBlockByNumber
net_version
eth_getBlockByNumber
net_version
eth_getBlockByNumber
net_version
eth_getBlockByNumber
net_version
eth_getBlockByNumber
net_version
eth_getBlockByNumber
net_version
eth_getBlockByNumber
net_version
eth_getBlockByNumber
net_version
net_version
eth_getBlockByNumber
eth_getBlockByNumber
net_version
eth_getBlockByNumber
net_version
net_version
eth_getBlockByNumber
eth_getBlockByNumber
net_version
eth_getBlockByNumber
net_version
net_version
eth_getBlockByNumber
eth_getBlockByNumber
net_version
net_version
eth_getBlockByNumber
net_version
eth_getBlockByNumber
eth_getBlockByNumber
net_version
net_version
eth_getBlockByNumber
net_version
eth_getBlockByNumber
eth_getBlockByNumber
net_version
net_version
eth_getBlockByNumber
net_version
eth_getBlockByNumber
net_version
eth_getBlockByNumber
net_version
eth_getBlockByNumber
net_version
eth_getBlockByNumber
net_version
eth_getBlockByNumber
net_version
eth_getBlockByNumber
net_version
eth_getBlockByNumber
net_version
eth_getBlockByNumber
net_version
net_version
eth_getBlockByNumber
eth_getBlockByNumber
net_version
eth_getBlockByNumber
net_version
net_version
eth_getBlockByNumber
eth_getBlockByNumber
net_version
eth_blockNumber
net_version
eth_accounts
eth_getBlockByNumber
eth_getCode
eth_getBlockByNumber
net_version
eth_getBlockByNumber
eth_call
net_version
eth_getBlockByNumber
eth_blockNumber
eth_blockNumber
net_version
net_version
eth_accounts
eth_accounts
eth_accounts
eth_getBlockByNumber
net_version
net_version
eth_getBlockByNumber
net_version
eth_getBlockByNumber
eth_getBlockByNumber
net_version
net_version
eth_getBlockByNumber
net_version
eth_getBlockByNumber
eth_getBlockByNumber
net_version
net_version
eth_getBlockByNumber
net_version
eth_getBlockByNumber
net_version
eth_getBlockByNumber
net_version
eth_getBlockByNumber
net_version
net_version
eth_getBlockByNumber
eth_getBlockByNumber
net_version
eth_getBlockByNumber
net_version
eth_getBlockByNumber
net_version
net_version
eth_getBlockByNumber
net_version
net_version
eth_getBlockByNumber
eth_getBlockByNumber
net_version
eth_getBlockByNumber
net_version
net_version
eth_getBlockByNumber
eth_getBlockByNumber
net_version
eth_getBlockByNumber
net_version
net_version
net_version
net_version
eth_getBlockByNumber
eth_getBlockByNumber
net_version
net_version
eth_getBlockByNumber
net_version
eth_getBlockByNumber
eth_getBlockByNumber
net_version
net_version
eth_getBlockByNumber
net_version
eth_getBlockByNumber
eth_getBlockByNumber
net_version
net_version
eth_getBlockByNumber
net_version
eth_getBlockByNumber
net_version
eth_getBlockByNumber
net_version
eth_getBlockByNumber
net_version
eth_getBlockByNumber
net_version
eth_getBlockByNumber
net_version
eth_getBlockByNumber
net_version
eth_getBlockByNumber
net_version
eth_getBlockByNumber
net_version
net_version
eth_getBlockByNumber
eth_getBlockByNumber
net_version
net_version
eth_call
net_version
eth_getBlockByNumber
net_version
eth_getBlockByNumber
eth_estimateGas
net_version
eth_getBlockByNumber
eth_getBlockByNumber
net_version
eth_getBlockByNumber
net_version
net_version
eth_getBlockByNumber
eth_getBlockByNumber
net_version
net_version
eth_getBlockByNumber
net_version
eth_getBlockByNumber
eth_getBlockByNumber
net_version
net_version
net_version
eth_getBlockByNumber
net_version
net_version
eth_getBlockByNumber
eth_getBlockByNumber
net_version
net_version
net_version
eth_getBlockByNumber
net_version
eth_getBlockByNumber
net_version
eth_getBlockByNumber
net_version
net_version
eth_getBlockByNumber
eth_estimateGas
eth_getBlockByNumber
net_version
eth_getBlockByNumber
net_version
eth_getBlockByNumber
eth_getBlockByNumber
eth_estimateGas
net_version
eth_getBlockByNumber
net_version
eth_getBlockByNumber
net_version
eth_getBlockByNumber
net_version
net_version
eth_getBlockByNumber
eth_getBlockByNumber
net_version
eth_getBlockByNumber
net_version
net_version
eth_getBlockByNumber
eth_getBlockByNumber
net_version
eth_getBalance
net_version
eth_getBlockByNumber
net_version
eth_getBlockByNumber
eth_getBalance
eth_getBlockByNumber
net_version
net_version
eth_getBlockByNumber
net_version
eth_getBlockByNumber
eth_getBlockByNumber
net_version
net_version
eth_getBlockByNumber
net_version
eth_getBlockByNumber
net_version
eth_getBlockByNumber
net_version
eth_getBlockByNumber
net_version
eth_getBlockByNumber
net_version
eth_getBlockByNumber
net_version
eth_getBlockByNumber
net_version
net_version
eth_getBlockByNumber
eth_getBlockByNumber
net_version
net_version
eth_getBlockByNumber
eth_getBlockByNumber
net_version
eth_getBlockByNumber
net_version
net_version
eth_getBlockByNumber
eth_getBlockByNumber
net_version
eth_getBlockByNumber
net_version
net_version
eth_getBlockByNumber
eth_getBlockByNumber
net_version
net_version
eth_getBlockByNumber
net_version
eth_getBlockByNumber
eth_getBlockByNumber
net_version
net_version
eth_getBlockByNumber
net_version
eth_getBalance
eth_getBlockByNumber
eth_getBlockByNumber
net_version
net_version
eth_getBlockByNumber
net_version
eth_getBalance
eth_getBlockByNumber
net_version
eth_getBlockByNumber
net_version
eth_getBlockByNumber
net_version
eth_getBlockByNumber
net_version
eth_getBlockByNumber
net_version
eth_getBlockByNumber
net_version
eth_getBlockByNumber
net_version
eth_getBlockByNumber
net_version
net_version
eth_getBlockByNumber
eth_getBlockByNumber
net_version
eth_getBlockByNumber
net_version
net_version
eth_getBlockByNumber
eth_getBlockByNumber
net_version
eth_getBlockByNumber
net_version
net_version
eth_getBlockByNumber
eth_getBlockByNumber
net_version
net_version
eth_getBlockByNumber
net_version
eth_getBlockByNumber
eth_getBlockByNumber
net_version
net_version
eth_getBlockByNumber
net_version
终止批处理操作吗(Y/N)? 
Ganache CLI v6.7.0 (ganache-core: 2.8.0)
net_version

Available Accounts
==================
(0) 0x907b21e2048B300dD1fe0b94E16418e2De75C166 (100 ETH)
(1) 0xf947D91b10eA9C14f42D5DF12726A2439a72fD67 (100 ETH)
(2) 0x834fb75BF8C0ABcCBd792623bEeD1D712fa8832F (100 ETH)
(3) 0x146e56d4a82F66Ca222897C6438e5498134deDa8 (100 ETH)
(4) 0xAD7Ed086598B6A97a63fdB46B94cbE53FfD83216 (100 ETH)
(5) 0x54e62aBD62b922148558e3F67D4CAEd6755C2401 (100 ETH)
(6) 0x6848676ea06cE10e4907e2F91371f923D19fDc0c (100 ETH)
(7) 0x127C6c5FA509bbd50ce576ae914586c98ad451a6 (100 ETH)
(8) 0x835b09CF1214C9fC6B45f95B32a74BC0414052a3 (100 ETH)
(9) 0xC39cE4Ba4C2Cbc88B0c61cf807700de2D615EC79 (100 ETH)

Private Keys
==================
(0) 0xd29c27b158a6c95f59c5f7b533774b4c18154d329c2fe67c1bd068f4c212de95
(1) 0xc43e6eb2d51555bb5d46ec235c93a5d9c53a8f3bcb374d9d7b7a9b84d046ca46
(2) 0x77a4e96e38b95a66b0dfd84f3cad3f88a31748712ab5376278252572c61c2643
(3) 0x47ab2d1d24ae3ee764e7274d46144e723ada75cc37aa090874e52ef0625e9aca
(4) 0xa0934e5e45a4051cf8b489f751d451f2ce24a08d292b644a95d8395bc2f0dc00
(5) 0x443b33d46de41dfa7cbdf8d29002ea5b70f776865368f33965f5f0922c6ea546
(6) 0xf8f8caa88675f18b679eb46bc7b26cb3b7862b07cb2ab0480fa9e00c4a0c5153
(7) 0xab6eb6aba785f0784b4b68fe81fdc91b4efbf77eb9dc3b72e2def28a4c6c2b70
(8) 0x12ae7fdc6bffb41a9a6065f75da3f2c2df5ca565712fd5cba8fa95f7b808d1b4
(9) 0x3f804c89f24528c9cc9ad9f84b02673c7839c75bff2c39f8a44b5d5bb3130c0d

HD Wallet
==================
Mnemonic:      ramp follow fun hidden enter network soft fan alone trip orange twist
Base HD Path:  m/44'/60'/0'/0/{account_index}

Gas Price
==================
20000000000

Gas Limit
==================
6721975

Listening on 127.0.0.1:8545
net_version
eth_getBlockByNumber
eth_getBlockByNumber
net_version
eth_getBlockByNumber
net_version
net_version
eth_getBlockByNumber
eth_getBlockByNumber
net_version
eth_getBalance
eth_getBlockByNumber
net_version
net_version
eth_getBlockByNumber
eth_getBlockByNumber
net_version
eth_getBalance
net_version
eth_getBlockByNumber
net_version
eth_getBlockByNumber
eth_getBalance
eth_getBlockByNumber
net_version
net_version
eth_getBlockByNumber
net_version
eth_getBlockByNumber
eth_getBalance
eth_getBlockByNumber
net_version
eth_getBlockByNumber
eth_estimateGas
net_version
eth_getBlockByNumber
eth_getTransactionCount
eth_sendRawTransaction

  Transaction: 0xc0cfcc9a78483ec9e4c45ade2c7a155610f891197daf05356bdd48124405a228
  Gas usage: 22552
  Block Number: 1
  Block Time: Fri Nov 29 2019 15:51:23 GMT+0800 (GMT+08:00)

eth_getTransactionReceipt
eth_call
net_version
eth_getBlockByNumber
net_version
eth_getBlockByNumber
net_version
eth_getBlockByNumber
net_version
eth_getBlockByNumber
net_version
eth_getBlockByNumber
net_version
eth_getBlockByNumber
net_version
eth_getBlockByNumber
net_version
eth_getBlockByNumber
net_version
net_version
eth_getBlockByNumber
eth_getBlockByNumber
net_version
eth_getBlockByNumber
net_version
net_version
eth_getBlockByNumber
eth_getBlockByNumber
net_version
eth_getBlockByNumber
net_version
net_version
eth_getBlockByNumber
eth_getBlockByNumber
net_version
eth_getBlockByNumber
eth_getBlockByNumber
eth_getBlockByNumber
eth_getBlockByNumber
net_version
eth_getBlockByNumber
net_version
eth_getBlockByNumber
eth_getBlockByNumber
net_version
net_version
eth_getBlockByNumber
eth_getBlockByNumber
net_version
eth_getBlockByNumber
eth_getBlockByNumber
net_version
net_version
eth_getBlockByNumber
eth_sendRawTransaction

  Transaction: 0xd728fb68ae12ffad725b9e7a49545ce95c275f7a5648fac530a0ad5c73030468
  Gas usage: 22552
  Block Number: 2
  Block Time: Fri Nov 29 2019 15:53:22 GMT+0800 (GMT+08:00)

eth_getTransactionReceipt
net_version
eth_getBlockByNumber
net_version
eth_getBlockByNumber
net_version
eth_getBlockByNumber
net_version
net_version
eth_getBlockByNumber
eth_getBlockByNumber
net_version
eth_getBlockByNumber
net_version
eth_getBlockByNumber
net_version
eth_getBlockByNumber
net_version
net_version
eth_getBlockByNumber
eth_getBlockByNumber
net_version
eth_getBlockByNumber
net_version
net_version
eth_getBlockByNumber
eth_getBlockByNumber
net_version
eth_getBlockByNumber
net_version
net_version
eth_getBlockByNumber
eth_getBlockByNumber
net_version
net_version
eth_getBlockByNumber
net_version
eth_getBlockByNumber
eth_getBlockByNumber
net_version
net_version
eth_getBlockByNumber
net_version
eth_getBlockByNumber
eth_getBlockByNumber
net_version
eth_getBlockByNumber
net_version
eth_sendRawTransaction

  Transaction: 0x28fe1e8fe4b91178d4e9ac471863292768f15e4e967d48b6b0476aef86e6470c
  Gas usage: 22552
  Block Number: 3
  Block Time: Fri Nov 29 2019 15:55:21 GMT+0800 (GMT+08:00)

eth_getBlockByNumber
eth_getTransactionReceipt
net_version
eth_getBlockByNumber
net_version
eth_getBlockByNumber
net_version
eth_getBlockByNumber
net_version
eth_getBlockByNumber
net_version
eth_getBlockByNumber
net_version
eth_getBlockByNumber
net_version
eth_getBlockByNumber
net_version
eth_getBlockByNumber
net_version
net_version
eth_getBlockByNumber
eth_getBlockByNumber
net_version
eth_getBlockByNumber
eth_getBlockByNumber
eth_estimateGas
net_version
net_version
eth_getBlockByNumber
eth_getBlockByNumber
net_version
eth_getBlockByNumber
net_version
net_version
eth_getBlockByNumber
eth_getBlockByNumber
net_version
net_version
eth_getBlockByNumber
net_version
eth_getBlockByNumber
eth_getBlockByNumber
net_version
net_version
eth_getBlockByNumber
net_version
eth_getBlockByNumber
eth_estimateGas
eth_getBlockByNumber
net_version
eth_getBlockByNumber
net_version
eth_getBlockByNumber
net_version
eth_getBlockByNumber
net_version
eth_getBlockByNumber
net_version
eth_getBlockByNumber
net_version
eth_getBlockByNumber
net_version
eth_getBlockByNumber
net_version
net_version
eth_getBlockByNumber
eth_getBlockByNumber
net_version
eth_getBlockByNumber
net_version
net_version
eth_getBlockByNumber
eth_getBlockByNumber
net_version
eth_getBlockByNumber
net_version
net_version
eth_getBlockByNumber
eth_getBlockByNumber
net_version
net_version
eth_getBlockByNumber
net_version
eth_getBlockByNumber
eth_getBlockByNumber
net_version
net_version
eth_getBlockByNumber
net_version
eth_getBlockByNumber
eth_getBlockByNumber
net_version
net_version
eth_getBlockByNumber
net_version
eth_getBlockByNumber
net_version
eth_getBlockByNumber
net_version
eth_getBlockByNumber
net_version
eth_getBlockByNumber
net_version
eth_getBlockByNumber
net_version
eth_getBlockByNumber
net_version
eth_getBlockByNumber
net_version
eth_getBlockByNumber
net_version
net_version
eth_getBlockByNumber
eth_getBlockByNumber
net_version
eth_getBlockByNumber
net_version
net_version
eth_getBlockByNumber
eth_getBlockByNumber
net_version
eth_getBlockByNumber
net_version
net_version
eth_getBlockByNumber
eth_getBlockByNumber
net_version
net_version
eth_getBlockByNumber
net_version
eth_getBlockByNumber
eth_getBlockByNumber
net_version
net_version
eth_getBlockByNumber
net_version
eth_getBlockByNumber
eth_getBlockByNumber
net_version
net_version
eth_getBlockByNumber
net_version
eth_getBlockByNumber
net_version
eth_getBlockByNumber
net_version
eth_getBlockByNumber
net_version
eth_getBlockByNumber
net_version
eth_getBlockByNumber
net_version
eth_getBlockByNumber
net_version
eth_getBlockByNumber
net_version
eth_getBlockByNumber
net_version
net_version
eth_getBlockByNumber
eth_getBlockByNumber
net_version
eth_getBlockByNumber
net_version
net_version
eth_getBlockByNumber
eth_getBlockByNumber
net_version
eth_getBlockByNumber
net_version
net_version
eth_getBlockByNumber
eth_getBlockByNumber
net_version
eth_sendRawTransaction
net_version
eth_getBlockByNumber
net_version
eth_getBlockByNumber
eth_getBlockByNumber
net_version
net_version
eth_getBlockByNumber
net_version
eth_getBlockByNumber
eth_getBlockByNumber
net_version
net_version
eth_getBlockByNumber
net_version
eth_getBlockByNumber
net_version
eth_getBlockByNumber
net_version
eth_getBlockByNumber
net_version
eth_getBlockByNumber
eth_getBlockByNumber
net_version
net_version
eth_getBlockByNumber
net_version
eth_getBlockByNumber
net_version
eth_getBlockByNumber
net_version
eth_getBlockByNumber
net_version
eth_getBlockByNumber
net_version
eth_getBlockByNumber
net_version
net_version
eth_getBlockByNumber
eth_getBlockByNumber
net_version
eth_getBlockByNumber
net_version
net_version
eth_getBlockByNumber
eth_getBlockByNumber
net_version
eth_getBlockByNumber
net_version
net_version
eth_getBlockByNumber
eth_getBlockByNumber
net_version
net_version
eth_getBlockByNumber
net_version
eth_getBlockByNumber
eth_getBlockByNumber
net_version
net_version
eth_getBlockByNumber
net_version
eth_getBlockByNumber
eth_getBlockByNumber
net_version
net_version
eth_getBlockByNumber
net_version
eth_getBlockByNumber
net_version
eth_getBlockByNumber
net_version
eth_getBlockByNumber
net_version
eth_getBlockByNumber
net_version
eth_getBlockByNumber
net_version
eth_getBlockByNumber
net_version
net_version
eth_getBlockByNumber
eth_getBlockByNumber
net_version
net_version
eth_getBlockByNumber
eth_getBlockByNumber
net_version
eth_getBlockByNumber
net_version
net_version
eth_getBlockByNumber
eth_getBlockByNumber
net_version
eth_getBlockByNumber
net_version
net_version
eth_getBlockByNumber
eth_getBlockByNumber
net_version
net_version
eth_getBlockByNumber
net_version
eth_getBlockByNumber
eth_getBlockByNumber
net_version
net_version
eth_getBlockByNumber
net_version
eth_getBlockByNumber
eth_getBlockByNumber
net_version
net_version
eth_getBlockByNumber
net_version
eth_getBlockByNumber
net_version
eth_getBlockByNumber
net_version
eth_getBlockByNumber
net_version
eth_getBlockByNumber
net_version
eth_getBlockByNumber
net_version
eth_getBlockByNumber
net_version
eth_getBlockByNumber
net_version
eth_getBlockByNumber
net_version
net_version
eth_getBlockByNumber
eth_getBlockByNumber
net_version
eth_getBlockByNumber
net_version
net_version
eth_getBlockByNumber
eth_getBlockByNumber
net_version
eth_getBlockByNumber
net_version
net_version
eth_getBlockByNumber
eth_getBlockByNumber
net_version
net_version
eth_getBlockByNumber
net_version
eth_getBlockByNumber
eth_getBlockByNumber
net_version
net_version
eth_getBlockByNumber
net_version
eth_getBlockByNumber
eth_getBlockByNumber
net_version
net_version
eth_getBlockByNumber
net_version
eth_getBlockByNumber
net_version
eth_getBlockByNumber
net_version
eth_getBlockByNumber
net_version
eth_getBlockByNumber
net_version
eth_getBlockByNumber
net_version
eth_getBlockByNumber
net_version
eth_getBlockByNumber
net_version
eth_getBlockByNumber
net_version
net_version
eth_getBlockByNumber
eth_getBlockByNumber
net_version
eth_getBlockByNumber
net_version
net_version
eth_getBlockByNumber
eth_getBlockByNumber
net_version
eth_getBlockByNumber
net_version
net_version
eth_getBlockByNumber
eth_getBlockByNumber
net_version
net_version
eth_getBlockByNumber
net_version
eth_getBlockByNumber
eth_getBlockByNumber
net_version
net_version
eth_getBlockByNumber
net_version
eth_getBlockByNumber
eth_getBlockByNumber
net_version
net_version
eth_getBlockByNumber
net_version
eth_getBlockByNumber
net_version
eth_getBlockByNumber
net_version
eth_getBlockByNumber
net_version
eth_getBlockByNumber
net_version
eth_getBlockByNumber
net_version
eth_getBlockByNumber
net_version
eth_getBlockByNumber
net_version
eth_getBlockByNumber
net_version
net_version
eth_getBlockByNumber
eth_getBlockByNumber
net_version
eth_getBlockByNumber
net_version
net_version
eth_getBlockByNumber
eth_getBlockByNumber
net_version
eth_getBlockByNumber
net_version
net_version
eth_getBlockByNumber
eth_getBlockByNumber
net_version
net_version
eth_getBlockByNumber
net_version
eth_getBlockByNumber
eth_getBlockByNumber
net_version
net_version
eth_getBlockByNumber
net_version
eth_getBlockByNumber
eth_getBlockByNumber
net_version
net_version
eth_getBlockByNumber
net_version
eth_getBlockByNumber
net_version
eth_getBlockByNumber
net_version
eth_getBlockByNumber
net_version
eth_getBlockByNumber
net_version
eth_getBlockByNumber
net_version
net_version
eth_getBlockByNumber
eth_getBlockByNumber
net_version
eth_getBlockByNumber
net_version
net_version
eth_getBlockByNumber
eth_getBlockByNumber
net_version
eth_getBlockByNumber
net_version
net_version
eth_getBlockByNumber
eth_getBlockByNumber
net_version
net_version
eth_getBlockByNumber
net_version
eth_getBlockByNumber
eth_getBlockByNumber
net_version
net_version
eth_getBlockByNumber
net_version
eth_getBlockByNumber
eth_getBlockByNumber
net_version
net_version
eth_getBlockByNumber
net_version
eth_getBlockByNumber
net_version
eth_getBlockByNumber
net_version
eth_getBlockByNumber
net_version
eth_getBlockByNumber
net_version
eth_getBlockByNumber
net_version
eth_getBlockByNumber
net_version
eth_getBlockByNumber
net_version
eth_getBlockByNumber
net_version
net_version
eth_getBlockByNumber
eth_getBlockByNumber
net_version
eth_getBlockByNumber
net_version
net_version
eth_getBlockByNumber
eth_getBlockByNumber
net_version
eth_getBlockByNumber
net_version
net_version
eth_getBlockByNumber
eth_getBlockByNumber
net_version
net_version
eth_getBlockByNumber
net_version
eth_getBlockByNumber
eth_getBlockByNumber
net_version
net_version
eth_getBlockByNumber
net_version
eth_getBlockByNumber
eth_getBlockByNumber
net_version
net_version
eth_getBlockByNumber
net_version
eth_getBlockByNumber
net_version
eth_getBlockByNumber
net_version
eth_getBlockByNumber
net_version
eth_getBlockByNumber
net_version
eth_getBlockByNumber
net_version
eth_getBlockByNumber
net_version
eth_getBlockByNumber
net_version
eth_getBlockByNumber
net_version
net_version
eth_getBlockByNumber
eth_getBlockByNumber
net_version
eth_getBlockByNumber
net_version
net_version
eth_getBlockByNumber
eth_getBlockByNumber
net_version
eth_getBlockByNumber
net_version
net_version
eth_getBlockByNumber
eth_getBlockByNumber
net_version
net_version
eth_getBlockByNumber
net_version
eth_getBlockByNumber
eth_getBlockByNumber
net_version
net_version
eth_getBlockByNumber
net_version
eth_getBlockByNumber
eth_getBlockByNumber
net_version
net_version
eth_getBlockByNumber
net_version
eth_getBlockByNumber
net_version
eth_getBlockByNumber
net_version
eth_getBlockByNumber
net_version
eth_getBlockByNumber
net_version
eth_getBlockByNumber
net_version
eth_getBlockByNumber
net_version
eth_getBlockByNumber
net_version
eth_getBlockByNumber
net_version
net_version
eth_getBlockByNumber
eth_getBlockByNumber
net_version
eth_getBlockByNumber
net_version
net_version
eth_getBlockByNumber
eth_getBlockByNumber
net_version
eth_getBlockByNumber
net_version
net_version
eth_getBlockByNumber
eth_getBlockByNumber
net_version
net_version
eth_getBlockByNumber
net_version
eth_getBlockByNumber
eth_getBlockByNumber
net_version
net_version
eth_getBlockByNumber
net_version
eth_getBlockByNumber
eth_getBlockByNumber
net_version
net_version
eth_getBlockByNumber
net_version
eth_getBlockByNumber
net_version
eth_getBlockByNumber
net_version
eth_getBlockByNumber
net_version
eth_getBlockByNumber
net_version
eth_getBlockByNumber
net_version
eth_getBlockByNumber
net_version
eth_getBlockByNumber
net_version
eth_getBlockByNumber
net_version
net_version
eth_getBlockByNumber
eth_getBlockByNumber
net_version
eth_getBlockByNumber
net_version
net_version
eth_getBlockByNumber
eth_getBlockByNumber
net_version
eth_getBlockByNumber
net_version
net_version
eth_getBlockByNumber
eth_getBlockByNumber
net_version
net_version
eth_getBlockByNumber
net_version
eth_getBlockByNumber
eth_getBlockByNumber
net_version
net_version
eth_getBlockByNumber
net_version
eth_getBlockByNumber
net_version
eth_getBlockByNumber
net_version
eth_getBlockByNumber
net_version
eth_getBlockByNumber
net_version
eth_getBlockByNumber
net_version
eth_getBlockByNumber
net_version
eth_getBlockByNumber
net_version
eth_getBlockByNumber
net_version
net_version
eth_getBlockByNumber
eth_getBlockByNumber
net_version
eth_getBlockByNumber
net_version
net_version
eth_getBlockByNumber
eth_getBlockByNumber
net_version
eth_getBlockByNumber
net_version
net_version
eth_getBlockByNumber
eth_getBlockByNumber
net_version
net_version
eth_getBlockByNumber
net_version
eth_getBlockByNumber
eth_getBlockByNumber
net_version
net_version
eth_getBlockByNumber
net_version
eth_getBlockByNumber
eth_getBlockByNumber
net_version
net_version
eth_getBlockByNumber
net_version
eth_getBlockByNumber
net_version
eth_getBlockByNumber
net_version
eth_getBlockByNumber
net_version
eth_getBlockByNumber
net_version
eth_getBlockByNumber
net_version
eth_getBlockByNumber
net_version
eth_getBlockByNumber
net_version
eth_getBlockByNumber
net_version
net_version
eth_getBlockByNumber
eth_getBlockByNumber
net_version
eth_getBlockByNumber
net_version
net_version
eth_getBlockByNumber
eth_getBlockByNumber
net_version
eth_getBlockByNumber
net_version
net_version
eth_getBlockByNumber
eth_getBlockByNumber
net_version
net_version
eth_getBlockByNumber
net_version
eth_getBlockByNumber
eth_getBlockByNumber
net_version
net_version
eth_getBlockByNumber
net_version
eth_getBlockByNumber
eth_getBlockByNumber
net_version
net_version
eth_getBlockByNumber
net_version
eth_getBlockByNumber
net_version
eth_getBlockByNumber
net_version
eth_getBlockByNumber
net_version
eth_getBlockByNumber
net_version
eth_getBlockByNumber
net_version
eth_getBlockByNumber
net_version
eth_getBlockByNumber
net_version
eth_getBlockByNumber
net_version
net_version
eth_getBlockByNumber
eth_getBlockByNumber
net_version
eth_getBlockByNumber
net_version
net_version
eth_getBlockByNumber
eth_getBlockByNumber
net_version
eth_getBlockByNumber
net_version
net_version
eth_getBlockByNumber
eth_getBlockByNumber
net_version
net_version
eth_getBlockByNumber
net_version
eth_getBlockByNumber
eth_getBlockByNumber
net_version
net_version
eth_getBlockByNumber
net_version
eth_getBlockByNumber
eth_getBlockByNumber
net_version
net_version
eth_getBlockByNumber
net_version
eth_getBlockByNumber
net_version
eth_getBlockByNumber
net_version
eth_getBlockByNumber
net_version
eth_getBlockByNumber
net_version
eth_getBlockByNumber
net_version
eth_getBlockByNumber
net_version
eth_getBlockByNumber
net_version
eth_getBlockByNumber
net_version
net_version
eth_getBlockByNumber
eth_getBlockByNumber
net_version
eth_getBlockByNumber
net_version
net_version
eth_getBlockByNumber
eth_getBlockByNumber
net_version
eth_getBlockByNumber
net_version
net_version
eth_getBlockByNumber
eth_getBlockByNumber
net_version
net_version
eth_getBlockByNumber
net_version
eth_getBlockByNumber
eth_getBlockByNumber
net_version
net_version
eth_getBlockByNumber
net_version
eth_getBlockByNumber
net_version
eth_getBlockByNumber
net_version
eth_getBlockByNumber
net_version
eth_getBlockByNumber
net_version
eth_getBlockByNumber
net_version
eth_getBlockByNumber
net_version
eth_getBlockByNumber
net_version
eth_getBlockByNumber
net_version
net_version
eth_getBlockByNumber
eth_getBlockByNumber
net_version
eth_getBlockByNumber
net_version
net_version
eth_getBlockByNumber
eth_getBlockByNumber
net_version
eth_getBlockByNumber
net_version
net_version
eth_getBlockByNumber
